# JRE version: Java(TM) SE Runtime Environment (8.0_211-b12) (build 1.8.0_211-b12)
# Java VM: Java HotSpot(TM) Client VM (25.211-b12 mixed mode windows-x86 )
Heap:
 def new generation   total 4992K, used 1262K [0x05a00000, 0x05f60000, 0x0af50000)
  eden space 4480K,  16% used [0x05a00000, 0x05abbaf0, 0x05e60000)
  from space 512K, 100% used [0x05e60000, 0x05ee0000, 0x05ee0000)
  to   space 512K,   0% used [0x05ee0000, 0x05ee0000, 0x05f60000)
 tenured generation   total 10944K, used 9971K [0x0af50000, 0x0ba00000, 0x15a00000)
   the space 10944K,  91% used [0x0af50000, 0x0b90cff0, 0x0b90d000, 0x0ba00000)
 Metaspace       used 15415K, capacity 16023K, committed 16128K, reserved 16768K
GC Heap History (10 events):
Event: 87.165 GC heap before
{Heap before GC invocations=7604 (full 1):
 def new generation   total 4992K, used 4507K [0x05a00000, 0x05f60000, 0x0af50000)
  eden space 4480K, 100% used [0x05a00000, 0x05e60000, 0x05e60000)
  from space 512K,   5% used [0x05ee0000, 0x05ee6c90, 0x05f60000)
  to   space 512K,   0% used [0x05e60000, 0x05e60000, 0x05ee0000)
 tenured generation   total 10944K, used 6460K [0x0af50000, 0x0ba00000, 0x15a00000)
   the space 10944K,  59% used [0x0af50000, 0x0b59f010, 0x0b59f200, 0x0ba00000)
 Metaspace       used 13157K, capacity 13736K, committed 13824K, reserved 14720K
Event: 87.167 GC heap after
Heap after GC invocations=7605 (full 1):
 def new generation   total 4992K, used 512K [0x05a00000, 0x05f60000, 0x0af50000)
  eden space 4480K,   0% used [0x05a00000, 0x05a00000, 0x05e60000)
  from space 512K, 100% used [0x05e60000, 0x05ee0000, 0x05ee0000)
  to   space 512K,   0% used [0x05ee0000, 0x05ee0000, 0x05f60000)
 tenured generation   total 10944K, used 6729K [0x0af50000, 0x0ba00000, 0x15a00000)
   the space 10944K,  61% used [0x0af50000, 0x0b5e2610, 0x0b5e2800, 0x0ba00000)
 Metaspace       used 13157K, capacity 13736K, committed 13824K, reserved 14720K
}
Event: 88.095 GC heap before
{Heap before GC invocations=7605 (full 1):
 def new generation   total 4992K, used 4992K [0x05a00000, 0x05f60000, 0x0af50000)
  eden space 4480K, 100% used [0x05a00000, 0x05e60000, 0x05e60000)
  from space 512K, 100% used [0x05e60000, 0x05ee0000, 0x05ee0000)
  to   space 512K,   0% used [0x05ee0000, 0x05ee0000, 0x05f60000)
 tenured generation   total 10944K, used 6729K [0x0af50000, 0x0ba00000, 0x15a00000)
   the space 10944K,  61% used [0x0af50000, 0x0b5e2610, 0x0b5e2800, 0x0ba00000)
 Metaspace       used 13870K, capacity 14440K, committed 14464K, reserved 14720K
Event: 88.096 GC heap after
Heap after GC invocations=7606 (full 1):
 def new generation   total 4992K, used 512K [0x05a00000, 0x05f60000, 0x0af50000)
  eden space 4480K,   0% used [0x05a00000, 0x05a00000, 0x05e60000)
  from space 512K, 100% used [0x05ee0000, 0x05f60000, 0x05f60000)
  to   space 512K,   0% used [0x05e60000, 0x05e60000, 0x05ee0000)
 tenured generation   total 10944K, used 7350K [0x0af50000, 0x0ba00000, 0x15a00000)
   the space 10944K,  67% used [0x0af50000, 0x0b67d9e0, 0x0b67da00, 0x0ba00000)
 Metaspace       used 13870K, capacity 14440K, committed 14464K, reserved 14720K
}
Event: 91.823 GC heap before
{Heap before GC invocations=7606 (full 1):
 def new generation   total 4992K, used 4992K [0x05a00000, 0x05f60000, 0x0af50000)
  eden space 4480K, 100% used [0x05a00000, 0x05e60000, 0x05e60000)
  from space 512K, 100% used [0x05ee0000, 0x05f60000, 0x05f60000)
  to   space 512K,   0% used [0x05e60000, 0x05e60000, 0x05ee0000)
 tenured generation   total 10944K, used 7350K [0x0af50000, 0x0ba00000, 0x15a00000)
   the space 10944K,  67% used [0x0af50000, 0x0b67d9e0, 0x0b67da00, 0x0ba00000)
 Metaspace       used 14161K, capacity 14728K, committed 14848K, reserved 15744K
Event: 91.827 GC heap after
Heap after GC invocations=7607 (full 1):
 def new generation   total 4992K, used 512K [0x05a00000, 0x05f60000, 0x0af50000)
  eden space 4480K,   0% used [0x05a00000, 0x05a00000, 0x05e60000)
  from space 512K, 100% used [0x05e60000, 0x05ee0000, 0x05ee0000)
  to   space 512K,   0% used [0x05ee0000, 0x05ee0000, 0x05f60000)
 tenured generation   total 10944K, used 8456K [0x0af50000, 0x0ba00000, 0x15a00000)
   the space 10944K,  77% used [0x0af50000, 0x0b792318, 0x0b792400, 0x0ba00000)
 Metaspace       used 14161K, capacity 14728K, committed 14848K, reserved 15744K
}
Event: 93.673 GC heap before
{Heap before GC invocations=7607 (full 1):
 def new generation   total 4992K, used 4980K [0x05a00000, 0x05f60000, 0x0af50000)
  eden space 4480K,  99% used [0x05a00000, 0x05e5d3d0, 0x05e60000)
  from space 512K, 100% used [0x05e60000, 0x05ee0000, 0x05ee0000)
  to   space 512K,   0% used [0x05ee0000, 0x05ee0000, 0x05f60000)
 tenured generation   total 10944K, used 8456K [0x0af50000, 0x0ba00000, 0x15a00000)
   the space 10944K,  77% used [0x0af50000, 0x0b792318, 0x0b792400, 0x0ba00000)
 Metaspace       used 14772K, capacity 15336K, committed 15360K, reserved 15744K
Event: 93.676 GC heap after
Heap after GC invocations=7608 (full 1):
 def new generation   total 4992K, used 512K [0x05a00000, 0x05f60000, 0x0af50000)
  eden space 4480K,   0% used [0x05a00000, 0x05a00000, 0x05e60000)
  from space 512K, 100% used [0x05ee0000, 0x05f60000, 0x05f60000)
  to   space 512K,   0% used [0x05e60000, 0x05e60000, 0x05ee0000)
 tenured generation   total 10944K, used 9394K [0x0af50000, 0x0ba00000, 0x15a00000)
   the space 10944K,  85% used [0x0af50000, 0x0b87c860, 0x0b87ca00, 0x0ba00000)
 Metaspace       used 14772K, capacity 15336K, committed 15360K, reserved 15744K
}
Event: 118.775 GC heap before
{Heap before GC invocations=7608 (full 1):
 def new generation   total 4992K, used 4992K [0x05a00000, 0x05f60000, 0x0af50000)
  eden space 4480K, 100% used [0x05a00000, 0x05e60000, 0x05e60000)
  from space 512K, 100% used [0x05ee0000, 0x05f60000, 0x05f60000)
  to   space 512K,   0% used [0x05e60000, 0x05e60000, 0x05ee0000)
 tenured generation   total 10944K, used 9394K [0x0af50000, 0x0ba00000, 0x15a00000)
   the space 10944K,  85% used [0x0af50000, 0x0b87c860, 0x0b87ca00, 0x0ba00000)
 Metaspace       used 15388K, capacity 15989K, committed 16000K, reserved 16768K
Event: 118.777 GC heap after
Heap after GC invocations=7609 (full 1):
 def new generation   total 4992K, used 512K [0x05a00000, 0x05f60000, 0x0af50000)
  eden space 4480K,   0% used [0x05a00000, 0x05a00000, 0x05e60000)
  from space 512K, 100% used [0x05e60000, 0x05ee0000, 0x05ee0000)
  to   space 512K,   0% used [0x05ee0000, 0x05ee0000, 0x05f60000)
 tenured generation   total 10944K, used 9971K [0x0af50000, 0x0ba00000, 0x15a00000)
   the space 10944K,  91% used [0x0af50000, 0x0b90cff0, 0x0b90d000, 0x0ba00000)
 Metaspace       used 15388K, capacity 15989K, committed 16000K, reserved 16768K
}

