<?xml version="1.0" encoding="UTF-8"?>
<!-- Generated by org.testng.reporters.JUnitXMLReporter -->
<testsuite hostname="IN2-1025604LT" ignored="0" name="all-tests" tests="146" failures="34" timestamp="11 Aug 2021 21:26:51 GMT" time="17386.731" errors="0">
  <testcase name="@AfterMethod afterMethod" time="0.0" classname="com.Hcl.DirectCommerce.testBase.TestBase">
    <failure type="org.openqa.selenium.TimeoutException" message="timeout: Timed out receiving message from renderer: 600.000
  (Session info: chrome=92.0.4515.131)
  (Driver info: chromedriver=2.38.552522 (437e6fbedfa8762dec75e2c5b3ddb86763dc9dcb),platform=Windows NT 10.0.19043 x86_64) (WARNING: The server did not provide any stacktrace information)
Command duration or timeout: 0 milliseconds
Build info: version: &amp;apos;3.141.59&amp;apos;, revision: &amp;apos;e82be7d358&amp;apos;, time: &amp;apos;2018-11-14T08:17:03&amp;apos;
System info: host: &amp;apos;IN2-1025604LT&amp;apos;, ip: &amp;apos;172.16.103.24&amp;apos;, os.name: &amp;apos;Windows 10&amp;apos;, os.arch: &amp;apos;x86&amp;apos;, os.version: &amp;apos;10.0&amp;apos;, java.version: &amp;apos;1.8.0_211&amp;apos;
Driver info: org.openqa.selenium.chrome.ChromeDriver
Capabilities {acceptInsecureCerts: false, acceptSslCerts: false, applicationCacheEnabled: false, browserConnectionEnabled: false, browserName: chrome, chrome: {chromedriverVersion: 2.38.552522 (437e6fbedfa876..., userDataDir: C:\Users\1025604\AppData\Lo...}, cssSelectorsEnabled: true, databaseEnabled: false, handlesAlerts: true, hasTouchScreen: false, javascriptEnabled: true, locationContextEnabled: true, mobileEmulationEnabled: false, nativeEvents: true, networkConnectionEnabled: false, pageLoadStrategy: normal, platform: XP, platformName: XP, rotatable: false, setWindowRect: true, takesHeapSnapshot: true, takesScreenshot: true, unexpectedAlertBehaviour: , unhandledPromptBehavior: , version: 92.0.4515.131, webStorageEnabled: true}
Session ID: fd5d9dd4d9d1951a9b1977ef3ede7aea">
      <![CDATA[org.openqa.selenium.TimeoutException: timeout: Timed out receiving message from renderer: 600.000
  (Session info: chrome=92.0.4515.131)
  (Driver info: chromedriver=2.38.552522 (437e6fbedfa8762dec75e2c5b3ddb86763dc9dcb),platform=Windows NT 10.0.19043 x86_64) (WARNING: The server did not provide any stacktrace information)
Command duration or timeout: 0 milliseconds
Build info: version: '3.141.59', revision: 'e82be7d358', time: '2018-11-14T08:17:03'
System info: host: 'IN2-1025604LT', ip: '172.16.103.24', os.name: 'Windows 10', os.arch: 'x86', os.version: '10.0', java.version: '1.8.0_211'
Driver info: org.openqa.selenium.chrome.ChromeDriver
Capabilities {acceptInsecureCerts: false, acceptSslCerts: false, applicationCacheEnabled: false, browserConnectionEnabled: false, browserName: chrome, chrome: {chromedriverVersion: 2.38.552522 (437e6fbedfa876..., userDataDir: C:\Users\1025604\AppData\Lo...}, cssSelectorsEnabled: true, databaseEnabled: false, handlesAlerts: true, hasTouchScreen: false, javascriptEnabled: true, locationContextEnabled: true, mobileEmulationEnabled: false, nativeEvents: true, networkConnectionEnabled: false, pageLoadStrategy: normal, platform: XP, platformName: XP, rotatable: false, setWindowRect: true, takesHeapSnapshot: true, takesScreenshot: true, unexpectedAlertBehaviour: , unhandledPromptBehavior: , version: 92.0.4515.131, webStorageEnabled: true}
Session ID: fd5d9dd4d9d1951a9b1977ef3ede7aea
	at org.openqa.selenium.remote.ErrorHandler.createThrowable(ErrorHandler.java:214)
	at org.openqa.selenium.remote.ErrorHandler.throwIfResponseFailed(ErrorHandler.java:166)
	at org.openqa.selenium.remote.http.JsonHttpResponseCodec.reconstructValue(JsonHttpResponseCodec.java:40)
	at org.openqa.selenium.remote.http.AbstractHttpResponseCodec.decode(AbstractHttpResponseCodec.java:80)
	at org.openqa.selenium.remote.http.AbstractHttpResponseCodec.decode(AbstractHttpResponseCodec.java:44)
	at org.openqa.selenium.remote.HttpCommandExecutor.execute(HttpCommandExecutor.java:158)
	at org.openqa.selenium.remote.service.DriverCommandExecutor.execute(DriverCommandExecutor.java:83)
	at org.openqa.selenium.remote.RemoteWebDriver.execute(RemoteWebDriver.java:552)
	at org.openqa.selenium.remote.RemoteWebDriver.execute(RemoteWebDriver.java:609)
	at org.openqa.selenium.remote.RemoteWebDriver.getScreenshotAs(RemoteWebDriver.java:295)
	at com.Hcl.DirectCommerce.testBase.TestBase.captureScreen(TestBase.java:169)
	at com.Hcl.DirectCommerce.testBase.TestBase.afterMethod(TestBase.java:95)
... Removed 30 stack frames]]>
    </failure>
  </testcase> <!-- @AfterMethod afterMethod -->
  <testcase name="@BeforeMethod beforeMethod" time="0.0" classname="com.Hcl.DirectCommerce.testBase.TestBase">
    <skipped/>
  </testcase> <!-- @BeforeMethod beforeMethod -->
  <testcase name="@AfterMethod afterMethod" time="0.0" classname="com.Hcl.DirectCommerce.testBase.TestBase">
    <skipped/>
  </testcase> <!-- @AfterMethod afterMethod -->
  <testcase name="@BeforeMethod beforeMethod" time="0.0" classname="com.Hcl.DirectCommerce.testBase.TestBase">
    <skipped/>
  </testcase> <!-- @BeforeMethod beforeMethod -->
  <testcase name="@AfterMethod afterMethod" time="0.0" classname="com.Hcl.DirectCommerce.testBase.TestBase">
    <skipped/>
  </testcase> <!-- @AfterMethod afterMethod -->
  <testcase name="@BeforeMethod beforeMethod" time="0.0" classname="com.Hcl.DirectCommerce.testBase.TestBase">
    <skipped/>
  </testcase> <!-- @BeforeMethod beforeMethod -->
  <testcase name="@AfterMethod afterMethod" time="0.0" classname="com.Hcl.DirectCommerce.testBase.TestBase">
    <skipped/>
  </testcase> <!-- @AfterMethod afterMethod -->
  <testcase name="@BeforeMethod beforeMethod" time="0.0" classname="com.Hcl.DirectCommerce.testBase.TestBase">
    <skipped/>
  </testcase> <!-- @BeforeMethod beforeMethod -->
  <testcase name="@AfterMethod afterMethod" time="0.0" classname="com.Hcl.DirectCommerce.testBase.TestBase">
    <skipped/>
  </testcase> <!-- @AfterMethod afterMethod -->
  <testcase name="@BeforeMethod beforeMethod" time="0.0" classname="com.Hcl.DirectCommerce.testBase.TestBase">
    <skipped/>
  </testcase> <!-- @BeforeMethod beforeMethod -->
  <testcase name="@AfterMethod afterMethod" time="0.0" classname="com.Hcl.DirectCommerce.testBase.TestBase">
    <skipped/>
  </testcase> <!-- @AfterMethod afterMethod -->
  <testcase name="@BeforeMethod beforeMethod" time="0.0" classname="com.Hcl.DirectCommerce.testBase.TestBase">
    <skipped/>
  </testcase> <!-- @BeforeMethod beforeMethod -->
  <testcase name="@AfterMethod afterMethod" time="0.0" classname="com.Hcl.DirectCommerce.testBase.TestBase">
    <skipped/>
  </testcase> <!-- @AfterMethod afterMethod -->
  <testcase name="@BeforeMethod beforeMethod" time="0.0" classname="com.Hcl.DirectCommerce.testBase.TestBase">
    <skipped/>
  </testcase> <!-- @BeforeMethod beforeMethod -->
  <testcase name="@AfterMethod afterMethod" time="0.0" classname="com.Hcl.DirectCommerce.testBase.TestBase">
    <skipped/>
  </testcase> <!-- @AfterMethod afterMethod -->
  <testcase name="@BeforeMethod beforeMethod" time="0.0" classname="com.Hcl.DirectCommerce.testBase.TestBase">
    <skipped/>
  </testcase> <!-- @BeforeMethod beforeMethod -->
  <testcase name="@AfterMethod afterMethod" time="0.0" classname="com.Hcl.DirectCommerce.testBase.TestBase">
    <skipped/>
  </testcase> <!-- @AfterMethod afterMethod -->
  <testcase name="@BeforeMethod beforeMethod" time="0.0" classname="com.Hcl.DirectCommerce.testBase.TestBase">
    <skipped/>
  </testcase> <!-- @BeforeMethod beforeMethod -->
  <testcase name="@AfterMethod afterMethod" time="0.0" classname="com.Hcl.DirectCommerce.testBase.TestBase">
    <skipped/>
  </testcase> <!-- @AfterMethod afterMethod -->
  <testcase name="@BeforeMethod beforeMethod" time="0.0" classname="com.Hcl.DirectCommerce.testBase.TestBase">
    <skipped/>
  </testcase> <!-- @BeforeMethod beforeMethod -->
  <testcase name="@AfterMethod afterMethod" time="0.0" classname="com.Hcl.DirectCommerce.testBase.TestBase">
    <skipped/>
  </testcase> <!-- @AfterMethod afterMethod -->
  <testcase name="@BeforeMethod beforeMethod" time="0.0" classname="com.Hcl.DirectCommerce.testBase.TestBase">
    <skipped/>
  </testcase> <!-- @BeforeMethod beforeMethod -->
  <testcase name="@AfterMethod afterMethod" time="0.0" classname="com.Hcl.DirectCommerce.testBase.TestBase">
    <skipped/>
  </testcase> <!-- @AfterMethod afterMethod -->
  <testcase name="@BeforeMethod beforeMethod" time="0.0" classname="com.Hcl.DirectCommerce.testBase.TestBase">
    <skipped/>
  </testcase> <!-- @BeforeMethod beforeMethod -->
  <testcase name="@AfterMethod afterMethod" time="0.0" classname="com.Hcl.DirectCommerce.testBase.TestBase">
    <skipped/>
  </testcase> <!-- @AfterMethod afterMethod -->
  <testcase name="@BeforeMethod beforeMethod" time="0.0" classname="com.Hcl.DirectCommerce.testBase.TestBase">
    <skipped/>
  </testcase> <!-- @BeforeMethod beforeMethod -->
  <testcase name="@AfterMethod afterMethod" time="0.0" classname="com.Hcl.DirectCommerce.testBase.TestBase">
    <skipped/>
  </testcase> <!-- @AfterMethod afterMethod -->
  <testcase name="@BeforeMethod beforeMethod" time="0.0" classname="com.Hcl.DirectCommerce.testBase.TestBase">
    <skipped/>
  </testcase> <!-- @BeforeMethod beforeMethod -->
  <testcase name="@AfterMethod afterMethod" time="0.0" classname="com.Hcl.DirectCommerce.testBase.TestBase">
    <skipped/>
  </testcase> <!-- @AfterMethod afterMethod -->
  <testcase name="@BeforeMethod beforeMethod" time="0.0" classname="com.Hcl.DirectCommerce.testBase.TestBase">
    <skipped/>
  </testcase> <!-- @BeforeMethod beforeMethod -->
  <testcase name="@AfterMethod afterMethod" time="0.0" classname="com.Hcl.DirectCommerce.testBase.TestBase">
    <skipped/>
  </testcase> <!-- @AfterMethod afterMethod -->
  <testcase name="@BeforeMethod beforeMethod" time="0.0" classname="com.Hcl.DirectCommerce.testBase.TestBase">
    <skipped/>
  </testcase> <!-- @BeforeMethod beforeMethod -->
  <testcase name="@AfterMethod afterMethod" time="0.0" classname="com.Hcl.DirectCommerce.testBase.TestBase">
    <skipped/>
  </testcase> <!-- @AfterMethod afterMethod -->
  <testcase name="@BeforeMethod beforeMethod" time="0.0" classname="com.Hcl.DirectCommerce.testBase.TestBase">
    <skipped/>
  </testcase> <!-- @BeforeMethod beforeMethod -->
  <testcase name="@AfterMethod afterMethod" time="0.0" classname="com.Hcl.DirectCommerce.testBase.TestBase">
    <skipped/>
  </testcase> <!-- @AfterMethod afterMethod -->
  <testcase name="@BeforeMethod beforeMethod" time="0.0" classname="com.Hcl.DirectCommerce.testBase.TestBase">
    <skipped/>
  </testcase> <!-- @BeforeMethod beforeMethod -->
  <testcase name="@AfterMethod afterMethod" time="0.0" classname="com.Hcl.DirectCommerce.testBase.TestBase">
    <skipped/>
  </testcase> <!-- @AfterMethod afterMethod -->
  <testcase name="@BeforeMethod beforeMethod" time="0.0" classname="com.Hcl.DirectCommerce.testBase.TestBase">
    <skipped/>
  </testcase> <!-- @BeforeMethod beforeMethod -->
  <testcase name="@AfterMethod afterMethod" time="0.0" classname="com.Hcl.DirectCommerce.testBase.TestBase">
    <skipped/>
  </testcase> <!-- @AfterMethod afterMethod -->
  <testcase name="@BeforeMethod beforeMethod" time="0.0" classname="com.Hcl.DirectCommerce.testBase.TestBase">
    <skipped/>
  </testcase> <!-- @BeforeMethod beforeMethod -->
  <testcase name="@AfterMethod afterMethod" time="0.0" classname="com.Hcl.DirectCommerce.testBase.TestBase">
    <skipped/>
  </testcase> <!-- @AfterMethod afterMethod -->
  <testcase name="@BeforeMethod beforeMethod" time="0.0" classname="com.Hcl.DirectCommerce.testBase.TestBase">
    <skipped/>
  </testcase> <!-- @BeforeMethod beforeMethod -->
  <testcase name="@AfterMethod afterMethod" time="0.0" classname="com.Hcl.DirectCommerce.testBase.TestBase">
    <skipped/>
  </testcase> <!-- @AfterMethod afterMethod -->
  <testcase name="@BeforeMethod beforeMethod" time="0.0" classname="com.Hcl.DirectCommerce.testBase.TestBase">
    <skipped/>
  </testcase> <!-- @BeforeMethod beforeMethod -->
  <testcase name="@AfterMethod afterMethod" time="0.0" classname="com.Hcl.DirectCommerce.testBase.TestBase">
    <skipped/>
  </testcase> <!-- @AfterMethod afterMethod -->
  <testcase name="@BeforeMethod beforeMethod" time="0.0" classname="com.Hcl.DirectCommerce.testBase.TestBase">
    <skipped/>
  </testcase> <!-- @BeforeMethod beforeMethod -->
  <testcase name="@AfterMethod afterMethod" time="0.0" classname="com.Hcl.DirectCommerce.testBase.TestBase">
    <skipped/>
  </testcase> <!-- @AfterMethod afterMethod -->
  <testcase name="@BeforeMethod beforeMethod" time="0.0" classname="com.Hcl.DirectCommerce.testBase.TestBase">
    <skipped/>
  </testcase> <!-- @BeforeMethod beforeMethod -->
  <testcase name="@AfterMethod afterMethod" time="0.0" classname="com.Hcl.DirectCommerce.testBase.TestBase">
    <skipped/>
  </testcase> <!-- @AfterMethod afterMethod -->
  <testcase name="@BeforeMethod beforeMethod" time="0.0" classname="com.Hcl.DirectCommerce.testBase.TestBase">
    <skipped/>
  </testcase> <!-- @BeforeMethod beforeMethod -->
  <testcase name="@AfterMethod afterMethod" time="0.0" classname="com.Hcl.DirectCommerce.testBase.TestBase">
    <skipped/>
  </testcase> <!-- @AfterMethod afterMethod -->
  <testcase name="@BeforeMethod beforeMethod" time="0.0" classname="com.Hcl.DirectCommerce.testBase.TestBase">
    <skipped/>
  </testcase> <!-- @BeforeMethod beforeMethod -->
  <testcase name="@AfterMethod afterMethod" time="0.0" classname="com.Hcl.DirectCommerce.testBase.TestBase">
    <skipped/>
  </testcase> <!-- @AfterMethod afterMethod -->
  <testcase name="@BeforeMethod beforeMethod" time="0.0" classname="com.Hcl.DirectCommerce.testBase.TestBase">
    <skipped/>
  </testcase> <!-- @BeforeMethod beforeMethod -->
  <testcase name="@AfterMethod afterMethod" time="0.0" classname="com.Hcl.DirectCommerce.testBase.TestBase">
    <skipped/>
  </testcase> <!-- @AfterMethod afterMethod -->
  <testcase name="@BeforeMethod beforeMethod" time="0.0" classname="com.Hcl.DirectCommerce.testBase.TestBase">
    <skipped/>
  </testcase> <!-- @BeforeMethod beforeMethod -->
  <testcase name="@AfterMethod afterMethod" time="0.0" classname="com.Hcl.DirectCommerce.testBase.TestBase">
    <skipped/>
  </testcase> <!-- @AfterMethod afterMethod -->
  <testcase name="@BeforeMethod beforeMethod" time="0.0" classname="com.Hcl.DirectCommerce.testBase.TestBase">
    <skipped/>
  </testcase> <!-- @BeforeMethod beforeMethod -->
  <testcase name="@AfterMethod afterMethod" time="0.0" classname="com.Hcl.DirectCommerce.testBase.TestBase">
    <skipped/>
  </testcase> <!-- @AfterMethod afterMethod -->
  <testcase name="@BeforeMethod beforeMethod" time="0.0" classname="com.Hcl.DirectCommerce.testBase.TestBase">
    <skipped/>
  </testcase> <!-- @BeforeMethod beforeMethod -->
  <testcase name="@AfterMethod afterMethod" time="0.0" classname="com.Hcl.DirectCommerce.testBase.TestBase">
    <skipped/>
  </testcase> <!-- @AfterMethod afterMethod -->
  <testcase name="@BeforeMethod beforeMethod" time="0.0" classname="com.Hcl.DirectCommerce.testBase.TestBase">
    <skipped/>
  </testcase> <!-- @BeforeMethod beforeMethod -->
  <testcase name="@AfterMethod afterMethod" time="0.0" classname="com.Hcl.DirectCommerce.testBase.TestBase">
    <skipped/>
  </testcase> <!-- @AfterMethod afterMethod -->
  <testcase name="@BeforeMethod beforeMethod" time="0.0" classname="com.Hcl.DirectCommerce.testBase.TestBase">
    <skipped/>
  </testcase> <!-- @BeforeMethod beforeMethod -->
  <testcase name="@AfterMethod afterMethod" time="0.0" classname="com.Hcl.DirectCommerce.testBase.TestBase">
    <skipped/>
  </testcase> <!-- @AfterMethod afterMethod -->
  <testcase name="@BeforeMethod beforeMethod" time="0.0" classname="com.Hcl.DirectCommerce.testBase.TestBase">
    <skipped/>
  </testcase> <!-- @BeforeMethod beforeMethod -->
  <testcase name="@AfterMethod afterMethod" time="0.0" classname="com.Hcl.DirectCommerce.testBase.TestBase">
    <skipped/>
  </testcase> <!-- @AfterMethod afterMethod -->
  <testcase name="@BeforeMethod beforeMethod" time="0.0" classname="com.Hcl.DirectCommerce.testBase.TestBase">
    <skipped/>
  </testcase> <!-- @BeforeMethod beforeMethod -->
  <testcase name="@AfterMethod afterMethod" time="0.0" classname="com.Hcl.DirectCommerce.testBase.TestBase">
    <skipped/>
  </testcase> <!-- @AfterMethod afterMethod -->
  <testcase name="@BeforeMethod beforeMethod" time="0.0" classname="com.Hcl.DirectCommerce.testBase.TestBase">
    <skipped/>
  </testcase> <!-- @BeforeMethod beforeMethod -->
  <testcase name="@AfterMethod afterMethod" time="0.0" classname="com.Hcl.DirectCommerce.testBase.TestBase">
    <skipped/>
  </testcase> <!-- @AfterMethod afterMethod -->
  <testcase name="@BeforeMethod beforeMethod" time="0.0" classname="com.Hcl.DirectCommerce.testBase.TestBase">
    <skipped/>
  </testcase> <!-- @BeforeMethod beforeMethod -->
  <testcase name="@AfterMethod afterMethod" time="0.0" classname="com.Hcl.DirectCommerce.testBase.TestBase">
    <skipped/>
  </testcase> <!-- @AfterMethod afterMethod -->
  <testcase name="@BeforeMethod beforeMethod" time="0.0" classname="com.Hcl.DirectCommerce.testBase.TestBase">
    <skipped/>
  </testcase> <!-- @BeforeMethod beforeMethod -->
  <testcase name="@AfterMethod afterMethod" time="0.0" classname="com.Hcl.DirectCommerce.testBase.TestBase">
    <skipped/>
  </testcase> <!-- @AfterMethod afterMethod -->
  <testcase name="@BeforeMethod beforeMethod" time="0.0" classname="com.Hcl.DirectCommerce.testBase.TestBase">
    <skipped/>
  </testcase> <!-- @BeforeMethod beforeMethod -->
  <testcase name="@AfterMethod afterMethod" time="0.0" classname="com.Hcl.DirectCommerce.testBase.TestBase">
    <skipped/>
  </testcase> <!-- @AfterMethod afterMethod -->
  <testcase name="@BeforeMethod beforeMethod" time="0.0" classname="com.Hcl.DirectCommerce.testBase.TestBase">
    <skipped/>
  </testcase> <!-- @BeforeMethod beforeMethod -->
  <testcase name="@AfterMethod afterMethod" time="0.0" classname="com.Hcl.DirectCommerce.testBase.TestBase">
    <skipped/>
  </testcase> <!-- @AfterMethod afterMethod -->
  <testcase name="@BeforeMethod beforeMethod" time="0.0" classname="com.Hcl.DirectCommerce.testBase.TestBase">
    <skipped/>
  </testcase> <!-- @BeforeMethod beforeMethod -->
  <testcase name="@AfterMethod afterMethod" time="0.0" classname="com.Hcl.DirectCommerce.testBase.TestBase">
    <skipped/>
  </testcase> <!-- @AfterMethod afterMethod -->
  <testcase name="@BeforeMethod beforeMethod" time="0.0" classname="com.Hcl.DirectCommerce.testBase.TestBase">
    <skipped/>
  </testcase> <!-- @BeforeMethod beforeMethod -->
  <testcase name="@AfterMethod afterMethod" time="0.0" classname="com.Hcl.DirectCommerce.testBase.TestBase">
    <skipped/>
  </testcase> <!-- @AfterMethod afterMethod -->
  <testcase name="@BeforeMethod beforeMethod" time="0.0" classname="com.Hcl.DirectCommerce.testBase.TestBase">
    <skipped/>
  </testcase> <!-- @BeforeMethod beforeMethod -->
  <testcase name="@AfterMethod afterMethod" time="0.0" classname="com.Hcl.DirectCommerce.testBase.TestBase">
    <skipped/>
  </testcase> <!-- @AfterMethod afterMethod -->
  <testcase name="@BeforeMethod beforeMethod" time="0.0" classname="com.Hcl.DirectCommerce.testBase.TestBase">
    <skipped/>
  </testcase> <!-- @BeforeMethod beforeMethod -->
  <testcase name="@AfterMethod afterMethod" time="0.0" classname="com.Hcl.DirectCommerce.testBase.TestBase">
    <skipped/>
  </testcase> <!-- @AfterMethod afterMethod -->
  <testcase name="@BeforeMethod beforeMethod" time="0.0" classname="com.Hcl.DirectCommerce.testBase.TestBase">
    <skipped/>
  </testcase> <!-- @BeforeMethod beforeMethod -->
  <testcase name="@AfterMethod afterMethod" time="0.0" classname="com.Hcl.DirectCommerce.testBase.TestBase">
    <skipped/>
  </testcase> <!-- @AfterMethod afterMethod -->
  <testcase name="@BeforeMethod beforeMethod" time="0.0" classname="com.Hcl.DirectCommerce.testBase.TestBase">
    <skipped/>
  </testcase> <!-- @BeforeMethod beforeMethod -->
  <testcase name="@AfterMethod afterMethod" time="0.0" classname="com.Hcl.DirectCommerce.testBase.TestBase">
    <skipped/>
  </testcase> <!-- @AfterMethod afterMethod -->
  <testcase name="@BeforeMethod beforeMethod" time="0.0" classname="com.Hcl.DirectCommerce.testBase.TestBase">
    <skipped/>
  </testcase> <!-- @BeforeMethod beforeMethod -->
  <testcase name="@AfterMethod afterMethod" time="0.0" classname="com.Hcl.DirectCommerce.testBase.TestBase">
    <skipped/>
  </testcase> <!-- @AfterMethod afterMethod -->
  <testcase name="@BeforeMethod beforeMethod" time="0.0" classname="com.Hcl.DirectCommerce.testBase.TestBase">
    <skipped/>
  </testcase> <!-- @BeforeMethod beforeMethod -->
  <testcase name="@AfterMethod afterMethod" time="0.0" classname="com.Hcl.DirectCommerce.testBase.TestBase">
    <skipped/>
  </testcase> <!-- @AfterMethod afterMethod -->
  <testcase name="@BeforeMethod beforeMethod" time="0.0" classname="com.Hcl.DirectCommerce.testBase.TestBase">
    <skipped/>
  </testcase> <!-- @BeforeMethod beforeMethod -->
  <testcase name="@AfterMethod afterMethod" time="0.0" classname="com.Hcl.DirectCommerce.testBase.TestBase">
    <skipped/>
  </testcase> <!-- @AfterMethod afterMethod -->
  <testcase name="@BeforeMethod beforeMethod" time="0.0" classname="com.Hcl.DirectCommerce.testBase.TestBase">
    <skipped/>
  </testcase> <!-- @BeforeMethod beforeMethod -->
  <testcase name="@AfterMethod afterMethod" time="0.0" classname="com.Hcl.DirectCommerce.testBase.TestBase">
    <skipped/>
  </testcase> <!-- @AfterMethod afterMethod -->
  <testcase name="@BeforeMethod beforeMethod" time="0.0" classname="com.Hcl.DirectCommerce.testBase.TestBase">
    <skipped/>
  </testcase> <!-- @BeforeMethod beforeMethod -->
  <testcase name="@AfterMethod afterMethod" time="0.0" classname="com.Hcl.DirectCommerce.testBase.TestBase">
    <skipped/>
  </testcase> <!-- @AfterMethod afterMethod -->
  <testcase name="@BeforeMethod beforeMethod" time="0.0" classname="com.Hcl.DirectCommerce.testBase.TestBase">
    <skipped/>
  </testcase> <!-- @BeforeMethod beforeMethod -->
  <testcase name="@AfterMethod afterMethod" time="0.0" classname="com.Hcl.DirectCommerce.testBase.TestBase">
    <skipped/>
  </testcase> <!-- @AfterMethod afterMethod -->
  <testcase name="@BeforeMethod beforeMethod" time="0.0" classname="com.Hcl.DirectCommerce.testBase.TestBase">
    <skipped/>
  </testcase> <!-- @BeforeMethod beforeMethod -->
  <testcase name="@AfterMethod afterMethod" time="0.0" classname="com.Hcl.DirectCommerce.testBase.TestBase">
    <skipped/>
  </testcase> <!-- @AfterMethod afterMethod -->
  <testcase name="@BeforeMethod beforeMethod" time="0.0" classname="com.Hcl.DirectCommerce.testBase.TestBase">
    <skipped/>
  </testcase> <!-- @BeforeMethod beforeMethod -->
  <testcase name="@AfterMethod afterMethod" time="0.0" classname="com.Hcl.DirectCommerce.testBase.TestBase">
    <skipped/>
  </testcase> <!-- @AfterMethod afterMethod -->
  <testcase name="@BeforeMethod beforeMethod" time="0.0" classname="com.Hcl.DirectCommerce.testBase.TestBase">
    <skipped/>
  </testcase> <!-- @BeforeMethod beforeMethod -->
  <testcase name="@AfterMethod afterMethod" time="0.0" classname="com.Hcl.DirectCommerce.testBase.TestBase">
    <skipped/>
  </testcase> <!-- @AfterMethod afterMethod -->
  <testcase name="@BeforeMethod beforeMethod" time="0.0" classname="com.Hcl.DirectCommerce.testBase.TestBase">
    <skipped/>
  </testcase> <!-- @BeforeMethod beforeMethod -->
  <testcase name="@AfterMethod afterMethod" time="0.0" classname="com.Hcl.DirectCommerce.testBase.TestBase">
    <skipped/>
  </testcase> <!-- @AfterMethod afterMethod -->
  <testcase name="@BeforeMethod beforeMethod" time="0.0" classname="com.Hcl.DirectCommerce.testBase.TestBase">
    <skipped/>
  </testcase> <!-- @BeforeMethod beforeMethod -->
  <testcase name="@AfterMethod afterMethod" time="0.0" classname="com.Hcl.DirectCommerce.testBase.TestBase">
    <skipped/>
  </testcase> <!-- @AfterMethod afterMethod -->
  <testcase name="@BeforeMethod beforeMethod" time="0.0" classname="com.Hcl.DirectCommerce.testBase.TestBase">
    <skipped/>
  </testcase> <!-- @BeforeMethod beforeMethod -->
  <testcase name="@AfterMethod afterMethod" time="0.0" classname="com.Hcl.DirectCommerce.testBase.TestBase">
    <skipped/>
  </testcase> <!-- @AfterMethod afterMethod -->
  <testcase name="@BeforeMethod beforeMethod" time="0.0" classname="com.Hcl.DirectCommerce.testBase.TestBase">
    <skipped/>
  </testcase> <!-- @BeforeMethod beforeMethod -->
  <testcase name="@AfterMethod afterMethod" time="0.0" classname="com.Hcl.DirectCommerce.testBase.TestBase">
    <skipped/>
  </testcase> <!-- @AfterMethod afterMethod -->
  <testcase name="@BeforeMethod beforeMethod" time="0.0" classname="com.Hcl.DirectCommerce.testBase.TestBase">
    <skipped/>
  </testcase> <!-- @BeforeMethod beforeMethod -->
  <testcase name="@AfterMethod afterMethod" time="0.0" classname="com.Hcl.DirectCommerce.testBase.TestBase">
    <skipped/>
  </testcase> <!-- @AfterMethod afterMethod -->
  <testcase name="@BeforeMethod beforeMethod" time="0.0" classname="com.Hcl.DirectCommerce.testBase.TestBase">
    <skipped/>
  </testcase> <!-- @BeforeMethod beforeMethod -->
  <testcase name="@AfterMethod afterMethod" time="0.0" classname="com.Hcl.DirectCommerce.testBase.TestBase">
    <skipped/>
  </testcase> <!-- @AfterMethod afterMethod -->
  <testcase name="@BeforeMethod beforeMethod" time="0.0" classname="com.Hcl.DirectCommerce.testBase.TestBase">
    <skipped/>
  </testcase> <!-- @BeforeMethod beforeMethod -->
  <testcase name="@AfterMethod afterMethod" time="0.0" classname="com.Hcl.DirectCommerce.testBase.TestBase">
    <skipped/>
  </testcase> <!-- @AfterMethod afterMethod -->
  <testcase name="@BeforeMethod beforeMethod" time="0.0" classname="com.Hcl.DirectCommerce.testBase.TestBase">
    <skipped/>
  </testcase> <!-- @BeforeMethod beforeMethod -->
  <testcase name="@AfterMethod afterMethod" time="0.0" classname="com.Hcl.DirectCommerce.testBase.TestBase">
    <skipped/>
  </testcase> <!-- @AfterMethod afterMethod -->
  <testcase name="@BeforeMethod beforeMethod" time="0.0" classname="com.Hcl.DirectCommerce.testBase.TestBase">
    <skipped/>
  </testcase> <!-- @BeforeMethod beforeMethod -->
  <testcase name="@AfterMethod afterMethod" time="0.0" classname="com.Hcl.DirectCommerce.testBase.TestBase">
    <skipped/>
  </testcase> <!-- @AfterMethod afterMethod -->
  <testcase name="@BeforeMethod beforeMethod" time="0.0" classname="com.Hcl.DirectCommerce.testBase.TestBase">
    <skipped/>
  </testcase> <!-- @BeforeMethod beforeMethod -->
  <testcase name="@AfterMethod afterMethod" time="0.0" classname="com.Hcl.DirectCommerce.testBase.TestBase">
    <skipped/>
  </testcase> <!-- @AfterMethod afterMethod -->
  <testcase name="@BeforeMethod beforeMethod" time="0.0" classname="com.Hcl.DirectCommerce.testBase.TestBase">
    <skipped/>
  </testcase> <!-- @BeforeMethod beforeMethod -->
  <testcase name="@AfterMethod afterMethod" time="0.0" classname="com.Hcl.DirectCommerce.testBase.TestBase">
    <skipped/>
  </testcase> <!-- @AfterMethod afterMethod -->
  <testcase name="@BeforeMethod beforeMethod" time="0.0" classname="com.Hcl.DirectCommerce.testBase.TestBase">
    <skipped/>
  </testcase> <!-- @BeforeMethod beforeMethod -->
  <testcase name="@AfterMethod afterMethod" time="0.0" classname="com.Hcl.DirectCommerce.testBase.TestBase">
    <skipped/>
  </testcase> <!-- @AfterMethod afterMethod -->
  <testcase name="@BeforeMethod beforeMethod" time="0.0" classname="com.Hcl.DirectCommerce.testBase.TestBase">
    <skipped/>
  </testcase> <!-- @BeforeMethod beforeMethod -->
  <testcase name="@AfterMethod afterMethod" time="0.0" classname="com.Hcl.DirectCommerce.testBase.TestBase">
    <skipped/>
  </testcase> <!-- @AfterMethod afterMethod -->
  <testcase name="@BeforeMethod beforeMethod" time="0.0" classname="com.Hcl.DirectCommerce.testBase.TestBase">
    <skipped/>
  </testcase> <!-- @BeforeMethod beforeMethod -->
  <testcase name="@AfterMethod afterMethod" time="0.0" classname="com.Hcl.DirectCommerce.testBase.TestBase">
    <skipped/>
  </testcase> <!-- @AfterMethod afterMethod -->
  <testcase name="@BeforeMethod beforeMethod" time="0.0" classname="com.Hcl.DirectCommerce.testBase.TestBase">
    <skipped/>
  </testcase> <!-- @BeforeMethod beforeMethod -->
  <testcase name="@AfterMethod afterMethod" time="0.0" classname="com.Hcl.DirectCommerce.testBase.TestBase">
    <skipped/>
  </testcase> <!-- @AfterMethod afterMethod -->
  <testcase name="@BeforeMethod beforeMethod" time="0.0" classname="com.Hcl.DirectCommerce.testBase.TestBase">
    <skipped/>
  </testcase> <!-- @BeforeMethod beforeMethod -->
  <testcase name="@AfterMethod afterMethod" time="0.0" classname="com.Hcl.DirectCommerce.testBase.TestBase">
    <skipped/>
  </testcase> <!-- @AfterMethod afterMethod -->
  <testcase name="@BeforeMethod beforeMethod" time="0.0" classname="com.Hcl.DirectCommerce.testBase.TestBase">
    <skipped/>
  </testcase> <!-- @BeforeMethod beforeMethod -->
  <testcase name="@AfterMethod afterMethod" time="0.0" classname="com.Hcl.DirectCommerce.testBase.TestBase">
    <skipped/>
  </testcase> <!-- @AfterMethod afterMethod -->
  <testcase name="@BeforeMethod beforeMethod" time="0.0" classname="com.Hcl.DirectCommerce.testBase.TestBase">
    <skipped/>
  </testcase> <!-- @BeforeMethod beforeMethod -->
  <testcase name="@AfterMethod afterMethod" time="0.0" classname="com.Hcl.DirectCommerce.testBase.TestBase">
    <skipped/>
  </testcase> <!-- @AfterMethod afterMethod -->
  <testcase name="@BeforeMethod beforeMethod" time="0.0" classname="com.Hcl.DirectCommerce.testBase.TestBase">
    <skipped/>
  </testcase> <!-- @BeforeMethod beforeMethod -->
  <testcase name="@AfterMethod afterMethod" time="0.0" classname="com.Hcl.DirectCommerce.testBase.TestBase">
    <skipped/>
  </testcase> <!-- @AfterMethod afterMethod -->
  <testcase name="@BeforeMethod beforeMethod" time="0.0" classname="com.Hcl.DirectCommerce.testBase.TestBase">
    <skipped/>
  </testcase> <!-- @BeforeMethod beforeMethod -->
  <testcase name="@AfterMethod afterMethod" time="0.0" classname="com.Hcl.DirectCommerce.testBase.TestBase">
    <skipped/>
  </testcase> <!-- @AfterMethod afterMethod -->
  <testcase name="@BeforeMethod beforeMethod" time="0.0" classname="com.Hcl.DirectCommerce.testBase.TestBase">
    <skipped/>
  </testcase> <!-- @BeforeMethod beforeMethod -->
  <testcase name="@AfterMethod afterMethod" time="0.0" classname="com.Hcl.DirectCommerce.testBase.TestBase">
    <skipped/>
  </testcase> <!-- @AfterMethod afterMethod -->
  <testcase name="@BeforeMethod beforeMethod" time="0.0" classname="com.Hcl.DirectCommerce.testBase.TestBase">
    <skipped/>
  </testcase> <!-- @BeforeMethod beforeMethod -->
  <testcase name="@AfterMethod afterMethod" time="0.0" classname="com.Hcl.DirectCommerce.testBase.TestBase">
    <skipped/>
  </testcase> <!-- @AfterMethod afterMethod -->
  <testcase name="@BeforeMethod beforeMethod" time="0.0" classname="com.Hcl.DirectCommerce.testBase.TestBase">
    <skipped/>
  </testcase> <!-- @BeforeMethod beforeMethod -->
  <testcase name="@AfterMethod afterMethod" time="0.0" classname="com.Hcl.DirectCommerce.testBase.TestBase">
    <skipped/>
  </testcase> <!-- @AfterMethod afterMethod -->
  <testcase name="@BeforeMethod beforeMethod" time="0.0" classname="com.Hcl.DirectCommerce.testBase.TestBase">
    <skipped/>
  </testcase> <!-- @BeforeMethod beforeMethod -->
  <testcase name="@AfterMethod afterMethod" time="0.0" classname="com.Hcl.DirectCommerce.testBase.TestBase">
    <skipped/>
  </testcase> <!-- @AfterMethod afterMethod -->
  <testcase name="@BeforeMethod beforeMethod" time="0.0" classname="com.Hcl.DirectCommerce.testBase.TestBase">
    <skipped/>
  </testcase> <!-- @BeforeMethod beforeMethod -->
  <testcase name="@AfterMethod afterMethod" time="0.0" classname="com.Hcl.DirectCommerce.testBase.TestBase">
    <skipped/>
  </testcase> <!-- @AfterMethod afterMethod -->
  <testcase name="@BeforeMethod beforeMethod" time="0.0" classname="com.Hcl.DirectCommerce.testBase.TestBase">
    <skipped/>
  </testcase> <!-- @BeforeMethod beforeMethod -->
  <testcase name="@AfterMethod afterMethod" time="0.0" classname="com.Hcl.DirectCommerce.testBase.TestBase">
    <skipped/>
  </testcase> <!-- @AfterMethod afterMethod -->
  <testcase name="@BeforeMethod beforeMethod" time="0.0" classname="com.Hcl.DirectCommerce.testBase.TestBase">
    <skipped/>
  </testcase> <!-- @BeforeMethod beforeMethod -->
  <testcase name="@AfterMethod afterMethod" time="0.0" classname="com.Hcl.DirectCommerce.testBase.TestBase">
    <skipped/>
  </testcase> <!-- @AfterMethod afterMethod -->
  <testcase name="@BeforeMethod beforeMethod" time="0.0" classname="com.Hcl.DirectCommerce.testBase.TestBase">
    <skipped/>
  </testcase> <!-- @BeforeMethod beforeMethod -->
  <testcase name="@AfterMethod afterMethod" time="0.0" classname="com.Hcl.DirectCommerce.testBase.TestBase">
    <skipped/>
  </testcase> <!-- @AfterMethod afterMethod -->
  <testcase name="@BeforeMethod beforeMethod" time="0.0" classname="com.Hcl.DirectCommerce.testBase.TestBase">
    <skipped/>
  </testcase> <!-- @BeforeMethod beforeMethod -->
  <testcase name="@AfterMethod afterMethod" time="0.0" classname="com.Hcl.DirectCommerce.testBase.TestBase">
    <skipped/>
  </testcase> <!-- @AfterMethod afterMethod -->
  <testcase name="@BeforeMethod beforeMethod" time="0.0" classname="com.Hcl.DirectCommerce.testBase.TestBase">
    <skipped/>
  </testcase> <!-- @BeforeMethod beforeMethod -->
  <testcase name="@AfterMethod afterMethod" time="0.0" classname="com.Hcl.DirectCommerce.testBase.TestBase">
    <skipped/>
  </testcase> <!-- @AfterMethod afterMethod -->
  <testcase name="@BeforeMethod beforeMethod" time="0.0" classname="com.Hcl.DirectCommerce.testBase.TestBase">
    <skipped/>
  </testcase> <!-- @BeforeMethod beforeMethod -->
  <testcase name="@AfterMethod afterMethod" time="0.0" classname="com.Hcl.DirectCommerce.testBase.TestBase">
    <skipped/>
  </testcase> <!-- @AfterMethod afterMethod -->
  <testcase name="@BeforeMethod beforeMethod" time="0.0" classname="com.Hcl.DirectCommerce.testBase.TestBase">
    <skipped/>
  </testcase> <!-- @BeforeMethod beforeMethod -->
  <testcase name="@AfterMethod afterMethod" time="0.0" classname="com.Hcl.DirectCommerce.testBase.TestBase">
    <skipped/>
  </testcase> <!-- @AfterMethod afterMethod -->
  <testcase name="@BeforeMethod beforeMethod" time="0.0" classname="com.Hcl.DirectCommerce.testBase.TestBase">
    <skipped/>
  </testcase> <!-- @BeforeMethod beforeMethod -->
  <testcase name="@AfterMethod afterMethod" time="0.0" classname="com.Hcl.DirectCommerce.testBase.TestBase">
    <skipped/>
  </testcase> <!-- @AfterMethod afterMethod -->
  <testcase name="@BeforeMethod beforeMethod" time="0.0" classname="com.Hcl.DirectCommerce.testBase.TestBase">
    <skipped/>
  </testcase> <!-- @BeforeMethod beforeMethod -->
  <testcase name="@AfterMethod afterMethod" time="0.0" classname="com.Hcl.DirectCommerce.testBase.TestBase">
    <skipped/>
  </testcase> <!-- @AfterMethod afterMethod -->
  <testcase name="@BeforeMethod beforeMethod" time="0.0" classname="com.Hcl.DirectCommerce.testBase.TestBase">
    <skipped/>
  </testcase> <!-- @BeforeMethod beforeMethod -->
  <testcase name="@AfterMethod afterMethod" time="0.0" classname="com.Hcl.DirectCommerce.testBase.TestBase">
    <skipped/>
  </testcase> <!-- @AfterMethod afterMethod -->
  <testcase name="@BeforeMethod beforeMethod" time="0.0" classname="com.Hcl.DirectCommerce.testBase.TestBase">
    <skipped/>
  </testcase> <!-- @BeforeMethod beforeMethod -->
  <testcase name="@AfterMethod afterMethod" time="0.0" classname="com.Hcl.DirectCommerce.testBase.TestBase">
    <skipped/>
  </testcase> <!-- @AfterMethod afterMethod -->
  <testcase name="@BeforeMethod beforeMethod" time="0.0" classname="com.Hcl.DirectCommerce.testBase.TestBase">
    <skipped/>
  </testcase> <!-- @BeforeMethod beforeMethod -->
  <testcase name="@AfterMethod afterMethod" time="0.0" classname="com.Hcl.DirectCommerce.testBase.TestBase">
    <skipped/>
  </testcase> <!-- @AfterMethod afterMethod -->
  <testcase name="@BeforeMethod beforeMethod" time="0.0" classname="com.Hcl.DirectCommerce.testBase.TestBase">
    <skipped/>
  </testcase> <!-- @BeforeMethod beforeMethod -->
  <testcase name="@AfterMethod afterMethod" time="0.0" classname="com.Hcl.DirectCommerce.testBase.TestBase">
    <skipped/>
  </testcase> <!-- @AfterMethod afterMethod -->
  <testcase name="@BeforeMethod beforeMethod" time="0.0" classname="com.Hcl.DirectCommerce.testBase.TestBase">
    <skipped/>
  </testcase> <!-- @BeforeMethod beforeMethod -->
  <testcase name="@AfterMethod afterMethod" time="0.0" classname="com.Hcl.DirectCommerce.testBase.TestBase">
    <skipped/>
  </testcase> <!-- @AfterMethod afterMethod -->
  <testcase name="@BeforeMethod beforeMethod" time="0.0" classname="com.Hcl.DirectCommerce.testBase.TestBase">
    <skipped/>
  </testcase> <!-- @BeforeMethod beforeMethod -->
  <testcase name="@AfterMethod afterMethod" time="0.0" classname="com.Hcl.DirectCommerce.testBase.TestBase">
    <skipped/>
  </testcase> <!-- @AfterMethod afterMethod -->
  <testcase name="@BeforeMethod beforeMethod" time="0.0" classname="com.Hcl.DirectCommerce.testBase.TestBase">
    <skipped/>
  </testcase> <!-- @BeforeMethod beforeMethod -->
  <testcase name="@AfterMethod afterMethod" time="0.0" classname="com.Hcl.DirectCommerce.testBase.TestBase">
    <skipped/>
  </testcase> <!-- @AfterMethod afterMethod -->
  <testcase name="@BeforeMethod beforeMethod" time="0.0" classname="com.Hcl.DirectCommerce.testBase.TestBase">
    <skipped/>
  </testcase> <!-- @BeforeMethod beforeMethod -->
  <testcase name="@AfterMethod afterMethod" time="0.0" classname="com.Hcl.DirectCommerce.testBase.TestBase">
    <skipped/>
  </testcase> <!-- @AfterMethod afterMethod -->
  <testcase name="@BeforeMethod beforeMethod" time="0.0" classname="com.Hcl.DirectCommerce.testBase.TestBase">
    <skipped/>
  </testcase> <!-- @BeforeMethod beforeMethod -->
  <testcase name="@AfterMethod afterMethod" time="0.0" classname="com.Hcl.DirectCommerce.testBase.TestBase">
    <skipped/>
  </testcase> <!-- @AfterMethod afterMethod -->
  <testcase name="@BeforeMethod beforeMethod" time="0.0" classname="com.Hcl.DirectCommerce.testBase.TestBase">
    <skipped/>
  </testcase> <!-- @BeforeMethod beforeMethod -->
  <testcase name="@AfterMethod afterMethod" time="0.0" classname="com.Hcl.DirectCommerce.testBase.TestBase">
    <skipped/>
  </testcase> <!-- @AfterMethod afterMethod -->
  <testcase name="@BeforeMethod beforeMethod" time="0.0" classname="com.Hcl.DirectCommerce.testBase.TestBase">
    <skipped/>
  </testcase> <!-- @BeforeMethod beforeMethod -->
  <testcase name="@AfterMethod afterMethod" time="0.0" classname="com.Hcl.DirectCommerce.testBase.TestBase">
    <skipped/>
  </testcase> <!-- @AfterMethod afterMethod -->
  <testcase name="@BeforeMethod beforeMethod" time="0.0" classname="com.Hcl.DirectCommerce.testBase.TestBase">
    <skipped/>
  </testcase> <!-- @BeforeMethod beforeMethod -->
  <testcase name="@AfterMethod afterMethod" time="0.0" classname="com.Hcl.DirectCommerce.testBase.TestBase">
    <skipped/>
  </testcase> <!-- @AfterMethod afterMethod -->
  <testcase name="@BeforeMethod beforeMethod" time="0.0" classname="com.Hcl.DirectCommerce.testBase.TestBase">
    <skipped/>
  </testcase> <!-- @BeforeMethod beforeMethod -->
  <testcase name="@AfterMethod afterMethod" time="0.0" classname="com.Hcl.DirectCommerce.testBase.TestBase">
    <skipped/>
  </testcase> <!-- @AfterMethod afterMethod -->
  <testcase name="@BeforeMethod beforeMethod" time="0.0" classname="com.Hcl.DirectCommerce.testBase.TestBase">
    <skipped/>
  </testcase> <!-- @BeforeMethod beforeMethod -->
  <testcase name="@AfterMethod afterMethod" time="0.0" classname="com.Hcl.DirectCommerce.testBase.TestBase">
    <skipped/>
  </testcase> <!-- @AfterMethod afterMethod -->
  <testcase name="@BeforeMethod beforeMethod" time="0.0" classname="com.Hcl.DirectCommerce.testBase.TestBase">
    <skipped/>
  </testcase> <!-- @BeforeMethod beforeMethod -->
  <testcase name="@AfterMethod afterMethod" time="0.0" classname="com.Hcl.DirectCommerce.testBase.TestBase">
    <skipped/>
  </testcase> <!-- @AfterMethod afterMethod -->
  <testcase name="@BeforeMethod beforeMethod" time="0.0" classname="com.Hcl.DirectCommerce.testBase.TestBase">
    <skipped/>
  </testcase> <!-- @BeforeMethod beforeMethod -->
  <testcase name="@AfterMethod afterMethod" time="0.0" classname="com.Hcl.DirectCommerce.testBase.TestBase">
    <skipped/>
  </testcase> <!-- @AfterMethod afterMethod -->
  <testcase name="@BeforeMethod beforeMethod" time="0.0" classname="com.Hcl.DirectCommerce.testBase.TestBase">
    <skipped/>
  </testcase> <!-- @BeforeMethod beforeMethod -->
  <testcase name="@AfterMethod afterMethod" time="0.0" classname="com.Hcl.DirectCommerce.testBase.TestBase">
    <skipped/>
  </testcase> <!-- @AfterMethod afterMethod -->
  <testcase name="@BeforeMethod beforeMethod" time="0.0" classname="com.Hcl.DirectCommerce.testBase.TestBase">
    <skipped/>
  </testcase> <!-- @BeforeMethod beforeMethod -->
  <testcase name="@AfterMethod afterMethod" time="0.0" classname="com.Hcl.DirectCommerce.testBase.TestBase">
    <skipped/>
  </testcase> <!-- @AfterMethod afterMethod -->
  <testcase name="CC01" time="123.238" classname="com.Hcl.DirectCommerce.CustomerCreation.create_Customer_ONE">
    <failure type="java.lang.AssertionError" message="null">
      <![CDATA[java.lang.AssertionError: null
	at com.Hcl.DirectCommerce.uiActions.Dashboard.clickonbutton(Dashboard.java:186)
	at com.Hcl.DirectCommerce.CustomerCreation.create_Customer_ONE.CC01(create_Customer_ONE.java:38)
... Removed 27 stack frames]]>
    </failure>
  </testcase> <!-- CC01 -->
  <testcase name="CS_005" time="115.414" classname="com.Hcl.DirectCommerce.SearchCustomer.searchForaCustomerUsingNormalSearch_NAME_ZIPCODE">
    <failure type="java.lang.AssertionError" message="null">
      <![CDATA[java.lang.AssertionError: null
	at com.Hcl.DirectCommerce.uiActions.Dashboard.provideSearchFieldValueAndClickSearch(Dashboard.java:74)
	at com.Hcl.DirectCommerce.SearchCustomer.searchForaCustomerUsingNormalSearch_NAME_ZIPCODE.CS_005(searchForaCustomerUsingNormalSearch_NAME_ZIPCODE.java:35)
... Removed 27 stack frames]]>
    </failure>
  </testcase> <!-- CS_005 -->
  <testcase name="CC02" time="136.485" classname="com.Hcl.DirectCommerce.CustomerCreation.create_Customer_TWO">
    <failure type="java.lang.AssertionError" message="null">
      <![CDATA[java.lang.AssertionError: null
	at com.Hcl.DirectCommerce.uiActions.Dashboard.clickonAddicon(Dashboard.java:204)
	at com.Hcl.DirectCommerce.CustomerCreation.create_Customer_TWO.CC02(create_Customer_TWO.java:39)
... Removed 27 stack frames]]>
    </failure>
  </testcase> <!-- CC02 -->
  <testcase name="CS_007" time="135.217" classname="com.Hcl.DirectCommerce.SearchCustomer.search_For_a_CustomerUsingNormalSearch_NAME_CITY">
    <failure type="java.lang.AssertionError" message="null">
      <![CDATA[java.lang.AssertionError: null
	at com.Hcl.DirectCommerce.uiActions.Dashboard.provideSearchFieldValueAndClickSearch(Dashboard.java:74)
	at com.Hcl.DirectCommerce.SearchCustomer.search_For_a_CustomerUsingNormalSearch_NAME_CITY.CS_007(search_For_a_CustomerUsingNormalSearch_NAME_CITY.java:35)
... Removed 27 stack frames]]>
    </failure>
  </testcase> <!-- CS_007 -->
  <testcase name="CC03" time="124.861" classname="com.Hcl.DirectCommerce.CustomerCreation.create_Customer_THREE">
    <failure type="java.lang.AssertionError" message="null">
      <![CDATA[java.lang.AssertionError: null
	at com.Hcl.DirectCommerce.uiActions.Dashboard.clickonAddicon(Dashboard.java:204)
	at com.Hcl.DirectCommerce.CustomerCreation.create_Customer_THREE.CC03(create_Customer_THREE.java:39)
... Removed 27 stack frames]]>
    </failure>
  </testcase> <!-- CC03 -->
  <testcase name="CS_009" time="140.077" classname="com.Hcl.DirectCommerce.SearchCustomer.search_for_a_CustomerUsingNormalSearch_NAME_STREET">
    <failure type="java.lang.AssertionError" message="null">
      <![CDATA[java.lang.AssertionError: null
	at com.Hcl.DirectCommerce.uiActions.Dashboard.provideSearchFieldValueAndClickSearch(Dashboard.java:74)
	at com.Hcl.DirectCommerce.SearchCustomer.search_for_a_CustomerUsingNormalSearch_NAME_STREET.CS_009(search_for_a_CustomerUsingNormalSearch_NAME_STREET.java:35)
... Removed 27 stack frames]]>
    </failure>
  </testcase> <!-- CS_009 -->
  <testcase name="C1_OA" time="142.598" classname="com.Hcl.DirectCommerce.Order_Diff_Products_Price_Override.Place_a_phone_order_for_C1_item_and_override_the_price">
    <failure type="java.lang.AssertionError" message="User is not able Enter sourcecode">
      <![CDATA[java.lang.AssertionError: User is not able Enter sourcecode
	at com.Hcl.DirectCommerce.uiActions.customerInformation.provideProduct(customerInformation.java:102)
	at com.Hcl.DirectCommerce.Order_Diff_Products_Price_Override.Place_a_phone_order_for_C1_item_and_override_the_price.C1_OA(Place_a_phone_order_for_C1_item_and_override_the_price.java:49)
... Removed 26 stack frames]]>
    </failure>
  </testcase> <!-- C1_OA -->
  <testcase name="CS_021" time="182.091" classname="com.Hcl.DirectCommerce.SearchCustomer.search_for_a_customer_using_Auto_PO_Number"/>
  <testcase name="C3_OA" time="134.428" classname="com.Hcl.DirectCommerce.Order_Diff_Products_Price_Override.Place_a_phone_order_for_C3_item_and_override_the_price">
    <failure type="java.lang.AssertionError" message="null">
      <![CDATA[java.lang.AssertionError: null
	at com.Hcl.DirectCommerce.uiActions.Dashboard.provideSearchFieldValueAndClickSearch(Dashboard.java:74)
	at com.Hcl.DirectCommerce.Order_Diff_Products_Price_Override.Place_a_phone_order_for_C3_item_and_override_the_price.C3_OA(Place_a_phone_order_for_C3_item_and_override_the_price.java:40)
... Removed 27 stack frames]]>
    </failure>
  </testcase> <!-- C3_OA -->
  <testcase name="CS_022" time="141.65" classname="com.Hcl.DirectCommerce.SearchCustomer.search_for_a_customer_using_Check_Number">
    <failure type="java.lang.AssertionError" message=" User is not able to select dropdown">
      <![CDATA[java.lang.AssertionError:  User is not able to select dropdown
	at com.Hcl.DirectCommerce.uiActions.Dashboard.selectSearchDropdown(Dashboard.java:142)
	at com.Hcl.DirectCommerce.SearchCustomer.search_for_a_customer_using_Check_Number.CS_022(search_for_a_customer_using_Check_Number.java:55)
... Removed 26 stack frames]]>
    </failure>
  </testcase> <!-- CS_022 -->
  <testcase name="E1_OA" time="142.044" classname="com.Hcl.DirectCommerce.Order_Diff_Products_Price_Override.Place_a_phone_order_for_E1_item_and_override_the_price_for_components">
    <failure type="java.lang.AssertionError" message="null">
      <![CDATA[java.lang.AssertionError: null
	at com.Hcl.DirectCommerce.uiActions.Dashboard.provideSearchFieldValueAndClickSearch(Dashboard.java:74)
	at com.Hcl.DirectCommerce.Order_Diff_Products_Price_Override.Place_a_phone_order_for_E1_item_and_override_the_price_for_components.E1_OA(Place_a_phone_order_for_E1_item_and_override_the_price_for_components.java:49)
... Removed 27 stack frames]]>
    </failure>
  </testcase> <!-- E1_OA -->
  <testcase name="CS_016" time="147.624" classname="com.Hcl.DirectCommerce.SearchCustomer.search_for_a_customer_using_Customer_Number"/>
  <testcase name="E1_OA" time="159.25" classname="com.Hcl.DirectCommerce.Order_Diff_Products_Price_Override.Place_a_phone_order_for_E2_item_and_override_the_price_on_header_both_header_and_component">
    <failure type="java.lang.AssertionError" message="User is not able Enter sourcecode">
      <![CDATA[java.lang.AssertionError: User is not able Enter sourcecode
	at com.Hcl.DirectCommerce.uiActions.customerInformation.provideProduct(customerInformation.java:102)
	at com.Hcl.DirectCommerce.Order_Diff_Products_Price_Override.Place_a_phone_order_for_E2_item_and_override_the_price_on_header_both_header_and_component.E1_OA(Place_a_phone_order_for_E2_item_and_override_the_price_on_header_both_header_and_component.java:57)
... Removed 26 stack frames]]>
    </failure>
  </testcase> <!-- E1_OA -->
  <testcase name="CS_023" time="147.865" classname="com.Hcl.DirectCommerce.SearchCustomer.search_for_a_customer_using_Drop_Ship_PO">
    <failure type="java.lang.AssertionError" message=" User is not able to select dropdown">
      <![CDATA[java.lang.AssertionError:  User is not able to select dropdown
	at com.Hcl.DirectCommerce.uiActions.Dashboard.selectSearchDropdown(Dashboard.java:142)
	at com.Hcl.DirectCommerce.SearchCustomer.search_for_a_customer_using_Drop_Ship_PO.CS_023(search_for_a_customer_using_Drop_Ship_PO.java:55)
... Removed 26 stack frames]]>
    </failure>
  </testcase> <!-- CS_023 -->
  <testcase name="E2_OA" time="205.881" classname="com.Hcl.DirectCommerce.Order_Diff_Products_Price_Override.Place_a_phone_order_for_E2_item_and_override_the_price_on_header">
    <failure type="java.lang.AssertionError" message="User is not able Enter sourcecode">
      <![CDATA[java.lang.AssertionError: User is not able Enter sourcecode
	at com.Hcl.DirectCommerce.uiActions.customerInformation.provideProduct(customerInformation.java:102)
	at com.Hcl.DirectCommerce.Order_Diff_Products_Price_Override.Place_a_phone_order_for_E2_item_and_override_the_price_on_header.E2_OA(Place_a_phone_order_for_E2_item_and_override_the_price_on_header.java:57)
... Removed 26 stack frames]]>
    </failure>
  </testcase> <!-- E2_OA -->
  <testcase name="CS_024" time="159.724" classname="com.Hcl.DirectCommerce.SearchCustomer.search_for_a_customer_using_Group_Number">
    <failure type="java.lang.AssertionError" message=" User is not able to select dropdown">
      <![CDATA[java.lang.AssertionError:  User is not able to select dropdown
	at com.Hcl.DirectCommerce.uiActions.Dashboard.selectSearchDropdown(Dashboard.java:142)
	at com.Hcl.DirectCommerce.SearchCustomer.search_for_a_customer_using_Group_Number.CS_024(search_for_a_customer_using_Group_Number.java:55)
... Removed 26 stack frames]]>
    </failure>
  </testcase> <!-- CS_024 -->
  <testcase name="E5_OA" time="194.157" classname="com.Hcl.DirectCommerce.Order_Diff_Products_Price_Override.Place_a_phone_order_for_E5_item_and_override_the_price_for_components">
    <failure type="java.lang.AssertionError" message="User is not able Enter sourcecode">
      <![CDATA[java.lang.AssertionError: User is not able Enter sourcecode
	at com.Hcl.DirectCommerce.uiActions.customerInformation.provideProduct(customerInformation.java:102)
	at com.Hcl.DirectCommerce.Order_Diff_Products_Price_Override.Place_a_phone_order_for_E5_item_and_override_the_price_for_components.E5_OA(Place_a_phone_order_for_E5_item_and_override_the_price_for_components.java:65)
... Removed 26 stack frames]]>
    </failure>
  </testcase> <!-- E5_OA -->
  <testcase name="CS_008" time="156.297" classname="com.Hcl.DirectCommerce.SearchCustomer.search_for_a_customer_using_invalid_Email_Address">
    <failure type="java.lang.AssertionError" message=" User is not able to select dropdown">
      <![CDATA[java.lang.AssertionError:  User is not able to select dropdown
	at com.Hcl.DirectCommerce.uiActions.Dashboard.selectSearchDropdown(Dashboard.java:142)
	at com.Hcl.DirectCommerce.SearchCustomer.search_for_a_customer_using_invalid_Email_Address.CS_008(search_for_a_customer_using_invalid_Email_Address.java:36)
... Removed 26 stack frames]]>
    </failure>
  </testcase> <!-- CS_008 -->
  <testcase name="E6_OA" time="202.088" classname="com.Hcl.DirectCommerce.Order_Diff_Products_Price_Override.Place_a_phone_order_for_E6_item_and_override_the_price_on_header_both_header_and_component">
    <failure type="java.lang.AssertionError" message="User is not able Enter sourcecode">
      <![CDATA[java.lang.AssertionError: User is not able Enter sourcecode
	at com.Hcl.DirectCommerce.uiActions.customerInformation.provideProduct(customerInformation.java:102)
	at com.Hcl.DirectCommerce.Order_Diff_Products_Price_Override.Place_a_phone_order_for_E6_item_and_override_the_price_on_header_both_header_and_component.E6_OA(Place_a_phone_order_for_E6_item_and_override_the_price_on_header_both_header_and_component.java:65)
... Removed 26 stack frames]]>
    </failure>
  </testcase> <!-- E6_OA -->
  <testcase name="CS_013" time="129.589" classname="com.Hcl.DirectCommerce.SearchCustomer.search_for_a_customer_using_invalid_Phone_Number">
    <failure type="java.lang.AssertionError" message=" User is not able to select dropdown">
      <![CDATA[java.lang.AssertionError:  User is not able to select dropdown
	at com.Hcl.DirectCommerce.uiActions.Dashboard.selectSearchDropdown(Dashboard.java:142)
	at com.Hcl.DirectCommerce.SearchCustomer.search_for_a_customer_using_invalid_Phone_Number.CS_013(search_for_a_customer_using_invalid_Phone_Number.java:35)
... Removed 26 stack frames]]>
    </failure>
  </testcase> <!-- CS_013 -->
  <testcase name="E6_OA" time="214.7" classname="com.Hcl.DirectCommerce.Order_Diff_Products_Price_Override.Place_a_phone_order_for_E6_item_and_override_the_price_on_header">
    <failure type="java.lang.AssertionError" message="User is not able Enter sourcecode">
      <![CDATA[java.lang.AssertionError: User is not able Enter sourcecode
	at com.Hcl.DirectCommerce.uiActions.customerInformation.provideProduct(customerInformation.java:102)
	at com.Hcl.DirectCommerce.Order_Diff_Products_Price_Override.Place_a_phone_order_for_E6_item_and_override_the_price_on_header.E6_OA(Place_a_phone_order_for_E6_item_and_override_the_price_on_header.java:65)
... Removed 26 stack frames]]>
    </failure>
  </testcase> <!-- E6_OA -->
  <testcase name="CS_013" time="174.145" classname="com.Hcl.DirectCommerce.SearchCustomer.Search_for_a_customer_using_invalid_ZipAddress"/>
  <testcase name="K1_OA" time="171.948" classname="com.Hcl.DirectCommerce.Order_Diff_Products_Price_Override.Place_a_phone_order_for_K1_item_and_override_the_price">
    <failure type="java.lang.AssertionError" message="User is not able Enter sourcecode">
      <![CDATA[java.lang.AssertionError: User is not able Enter sourcecode
	at com.Hcl.DirectCommerce.uiActions.customerInformation.provideProduct(customerInformation.java:102)
	at com.Hcl.DirectCommerce.Order_Diff_Products_Price_Override.Place_a_phone_order_for_K1_item_and_override_the_price.K1_OA(Place_a_phone_order_for_K1_item_and_override_the_price.java:56)
... Removed 26 stack frames]]>
    </failure>
  </testcase> <!-- K1_OA -->
  <testcase name="CS_025" time="182.233" classname="com.Hcl.DirectCommerce.SearchCustomer.search_for_a_customer_using_Invoice"/>
  <testcase name="K2_OA" time="214.867" classname="com.Hcl.DirectCommerce.Order_Diff_Products_Price_Override.Place_a_phone_order_for_K2_item_and_override_the_price">
    <failure type="java.lang.AssertionError" message="User is not able Enter sourcecode">
      <![CDATA[java.lang.AssertionError: User is not able Enter sourcecode
	at com.Hcl.DirectCommerce.uiActions.customerInformation.provideProduct(customerInformation.java:102)
	at com.Hcl.DirectCommerce.Order_Diff_Products_Price_Override.Place_a_phone_order_for_K2_item_and_override_the_price.K2_OA(Place_a_phone_order_for_K2_item_and_override_the_price.java:63)
... Removed 26 stack frames]]>
    </failure>
  </testcase> <!-- K2_OA -->
  <testcase name="CS_026" time="102.414" classname="com.Hcl.DirectCommerce.SearchCustomer.search_for_a_customer_using_Membership_Number">
    <failure type="java.lang.NullPointerException">
      <![CDATA[java.lang.NullPointerException
	at com.Hcl.DirectCommerce.utility.Utility.removeCharacter(Utility.java:911)
	at com.Hcl.DirectCommerce.SearchCustomer.search_for_a_customer_using_Membership_Number.CS_026(search_for_a_customer_using_Membership_Number.java:36)
... Removed 25 stack frames]]>
    </failure>
  </testcase> <!-- CS_026 -->
  <testcase name="K3_OA" time="195.175" classname="com.Hcl.DirectCommerce.Order_Diff_Products_Price_Override.Place_a_phone_order_for_K3_item_and_override_the_price">
    <failure type="java.lang.AssertionError" message="null">
      <![CDATA[java.lang.AssertionError: null
	at com.Hcl.DirectCommerce.uiActions.Dashboard.provideSearchFieldValueAndClickSearch(Dashboard.java:74)
	at com.Hcl.DirectCommerce.Order_Diff_Products_Price_Override.Place_a_phone_order_for_K3_item_and_override_the_price.K3_OA(Place_a_phone_order_for_K3_item_and_override_the_price.java:48)
... Removed 27 stack frames]]>
    </failure>
  </testcase> <!-- K3_OA -->
  <testcase name="CS_002" time="148.967" classname="com.Hcl.DirectCommerce.SearchCustomer.search_for_a_customer_using_normal_searchNAME_STATE"/>
  <testcase name="K4_OA" time="188.115" classname="com.Hcl.DirectCommerce.Order_Diff_Products_Price_Override.Place_a_phone_order_for_K4_item_and_override_the_price">
    <failure type="java.lang.AssertionError" message="User is not able Enter sourcecode">
      <![CDATA[java.lang.AssertionError: User is not able Enter sourcecode
	at com.Hcl.DirectCommerce.uiActions.customerInformation.provideProduct(customerInformation.java:102)
	at com.Hcl.DirectCommerce.Order_Diff_Products_Price_Override.Place_a_phone_order_for_K4_item_and_override_the_price.K4_OA(Place_a_phone_order_for_K4_item_and_override_the_price.java:63)
... Removed 26 stack frames]]>
    </failure>
  </testcase> <!-- K4_OA -->
  <testcase name="CS_001" time="192.87" classname="com.Hcl.DirectCommerce.SearchCustomer.search_for_a_customer_using_normal_search_NAME"/>
  <testcase name="R1_OA" time="147.322" classname="com.Hcl.DirectCommerce.Order_Diff_Products_Price_Override.Place_a_phone_order_for_R1_item_and_override_the_price">
    <failure type="java.lang.AssertionError" message="null">
      <![CDATA[java.lang.AssertionError: null
	at com.Hcl.DirectCommerce.uiActions.Dashboard.provideSearchFieldValueAndClickSearch(Dashboard.java:74)
	at com.Hcl.DirectCommerce.Order_Diff_Products_Price_Override.Place_a_phone_order_for_R1_item_and_override_the_price.R1_OA(Place_a_phone_order_for_R1_item_and_override_the_price.java:45)
... Removed 27 stack frames]]>
    </failure>
  </testcase> <!-- R1_OA -->
  <testcase name="CS_006" time="130.841" classname="com.Hcl.DirectCommerce.SearchCustomer.search_for_a_customer_using_normal_search_NAME_CITY">
    <failure type="java.lang.AssertionError" message="null">
      <![CDATA[java.lang.AssertionError: null
	at com.Hcl.DirectCommerce.uiActions.Dashboard.provideSearchFieldValueAndClickSearch(Dashboard.java:74)
	at com.Hcl.DirectCommerce.SearchCustomer.search_for_a_customer_using_normal_search_NAME_CITY.CS_006(search_for_a_customer_using_normal_search_NAME_CITY.java:37)
... Removed 27 stack frames]]>
    </failure>
  </testcase> <!-- CS_006 -->
  <testcase name="T1_OA" time="139.11" classname="com.Hcl.DirectCommerce.Order_Diff_Products_Price_Override.Place_a_phone_order_for_T1_item_and_override_the_price">
    <failure type="java.lang.AssertionError" message="null">
      <![CDATA[java.lang.AssertionError: null
	at com.Hcl.DirectCommerce.uiActions.Dashboard.provideSearchFieldValueAndClickSearch(Dashboard.java:74)
	at com.Hcl.DirectCommerce.Order_Diff_Products_Price_Override.Place_a_phone_order_for_T1_item_and_override_the_price.T1_OA(Place_a_phone_order_for_T1_item_and_override_the_price.java:46)
... Removed 27 stack frames]]>
    </failure>
  </testcase> <!-- T1_OA -->
  <testcase name="CS_003" time="123.856" classname="com.Hcl.DirectCommerce.SearchCustomer.search_for_a_customer_using_normal_search_NAME_STATE">
    <failure type="java.lang.AssertionError" message="null">
      <![CDATA[java.lang.AssertionError: null
	at com.Hcl.DirectCommerce.uiActions.Dashboard.provideSearchFieldValueAndClickSearch(Dashboard.java:74)
	at com.Hcl.DirectCommerce.SearchCustomer.search_for_a_customer_using_normal_search_NAME_STATE.CS_003(search_for_a_customer_using_normal_search_NAME_STATE.java:37)
... Removed 27 stack frames]]>
    </failure>
  </testcase> <!-- CS_003 -->
  <testcase name="T2_OA" time="162.626" classname="com.Hcl.DirectCommerce.Order_Diff_Products_Price_Override.Place_a_phone_order_for_T2_item_and_override_the_price">
    <failure type="java.lang.AssertionError" message="null">
      <![CDATA[java.lang.AssertionError: null
	at com.Hcl.DirectCommerce.uiActions.Dashboard.provideSearchFieldValueAndClickSearch(Dashboard.java:74)
	at com.Hcl.DirectCommerce.Order_Diff_Products_Price_Override.Place_a_phone_order_for_T2_item_and_override_the_price.T2_OA(Place_a_phone_order_for_T2_item_and_override_the_price.java:43)
... Removed 27 stack frames]]>
    </failure>
  </testcase> <!-- T2_OA -->
  <testcase name="CS_008" time="114.537" classname="com.Hcl.DirectCommerce.SearchCustomer.search_for_a_customer_using_normal_search_NAME_STREET">
    <failure type="java.lang.AssertionError" message="null">
      <![CDATA[java.lang.AssertionError: null
	at com.Hcl.DirectCommerce.uiActions.Dashboard.provideSearchFieldValueAndClickSearch(Dashboard.java:74)
	at com.Hcl.DirectCommerce.SearchCustomer.search_for_a_customer_using_normal_search_NAME_STREET.CS_008(search_for_a_customer_using_normal_search_NAME_STREET.java:37)
... Removed 27 stack frames]]>
    </failure>
  </testcase> <!-- CS_008 -->
  <testcase name="C1_OA" time="121.058" classname="com.Hcl.DirectCommerce.OrderLifeCycle_DiffProducts.Place_an_order_for_C1_product">
    <failure type="java.lang.AssertionError" message="null">
      <![CDATA[java.lang.AssertionError: null
	at com.Hcl.DirectCommerce.uiActions.Dashboard.provideSearchFieldValueAndClickSearch(Dashboard.java:74)
	at com.Hcl.DirectCommerce.OrderLifeCycle_DiffProducts.Place_an_order_for_C1_product.C1_OA(Place_an_order_for_C1_product.java:41)
... Removed 27 stack frames]]>
    </failure>
  </testcase> <!-- C1_OA -->
  <testcase name="CS_004" time="143.834" classname="com.Hcl.DirectCommerce.SearchCustomer.search_for_a_customer_using_normal_search_NAME_ZIPCODE">
    <failure type="java.lang.AssertionError" message="null">
      <![CDATA[java.lang.AssertionError: null
	at com.Hcl.DirectCommerce.uiActions.Dashboard.provideSearchFieldValueAndClickSearch(Dashboard.java:74)
	at com.Hcl.DirectCommerce.SearchCustomer.search_for_a_customer_using_normal_search_NAME_ZIPCODE.CS_004(search_for_a_customer_using_normal_search_NAME_ZIPCODE.java:38)
... Removed 27 stack frames]]>
    </failure>
  </testcase> <!-- CS_004 -->
  <testcase name="C2_OA" time="125.885" classname="com.Hcl.DirectCommerce.OrderLifeCycle_DiffProducts.Place_an_order_for_C2_product">
    <failure type="java.lang.AssertionError" message="null">
      <![CDATA[java.lang.AssertionError: null
	at com.Hcl.DirectCommerce.uiActions.Dashboard.provideSearchFieldValueAndClickSearch(Dashboard.java:74)
	at com.Hcl.DirectCommerce.OrderLifeCycle_DiffProducts.Place_an_order_for_C2_product.C2_OA(Place_an_order_for_C2_product.java:40)
... Removed 27 stack frames]]>
    </failure>
  </testcase> <!-- C2_OA -->
  <testcase name="CS_016" time="7441.611" classname="com.Hcl.DirectCommerce.SearchCustomer.search_for_a_customer_using_Order_Number">
    <failure type="java.lang.AssertionError" message="An error occured while logging into portal, check if the credentials are correct.">
      <![CDATA[java.lang.AssertionError: An error occured while logging into portal, check if the credentials are correct.
	at com.Hcl.DirectCommerce.uiActions.LoginPage.logintoApplication(LoginPage.java:133)
	at com.Hcl.DirectCommerce.SearchCustomer.search_for_a_customer_using_Order_Number.CS_016(search_for_a_customer_using_Order_Number.java:45)
... Removed 26 stack frames]]>
    </failure>
  </testcase> <!-- CS_016 -->
  <testcase name="E1_OA" time="0.003" classname="com.Hcl.DirectCommerce.OrderLifeCycle_DiffProducts.Place_an_order_for_E1_product">
    <skipped/>
  </testcase> <!-- E1_OA -->
  <testcase name="CS_019" time="0.001" classname="com.Hcl.DirectCommerce.SearchCustomer.search_for_a_customer_using_PACKAG_EID">
    <skipped/>
  </testcase> <!-- CS_019 -->
  <testcase name="E2_OA" time="0.001" classname="com.Hcl.DirectCommerce.OrderLifeCycle_DiffProducts.Place_an_order_for_E2_product">
    <skipped/>
  </testcase> <!-- E2_OA -->
  <testcase name="CS_027" time="0.001" classname="com.Hcl.DirectCommerce.SearchCustomer.search_for_a_customer_using_Pick_Ticket_Number">
    <skipped/>
  </testcase> <!-- CS_027 -->
  <testcase name="E5_OA" time="0.001" classname="com.Hcl.DirectCommerce.OrderLifeCycle_DiffProducts.Place_an_order_for_E5_product">
    <skipped/>
  </testcase> <!-- E5_OA -->
  <testcase name="CS_018" time="0.001" classname="com.Hcl.DirectCommerce.SearchCustomer.search_for_a_customer_using_PO_Number">
    <skipped/>
  </testcase> <!-- CS_018 -->
  <testcase name="E6_OA" time="0.001" classname="com.Hcl.DirectCommerce.OrderLifeCycle_DiffProducts.Place_an_order_for_E6_product">
    <skipped/>
  </testcase> <!-- E6_OA -->
  <testcase name="CS_028" time="0.0" classname="com.Hcl.DirectCommerce.SearchCustomer.search_for_a_customer_using_RA_Number">
    <skipped/>
  </testcase> <!-- CS_028 -->
  <testcase name="K1_OA" time="0.0" classname="com.Hcl.DirectCommerce.OrderLifeCycle_DiffProducts.Place_an_order_for_K1_product">
    <skipped/>
  </testcase> <!-- K1_OA -->
  <testcase name="CS_028" time="0.0" classname="com.Hcl.DirectCommerce.SearchCustomer.search_for_a_customer_using_Serial_Number">
    <skipped/>
  </testcase> <!-- CS_028 -->
  <testcase name="K2_OA" time="0.001" classname="com.Hcl.DirectCommerce.OrderLifeCycle_DiffProducts.Place_an_order_for_K2_product">
    <skipped/>
  </testcase> <!-- K2_OA -->
  <testcase name="CS_020" time="0.001" classname="com.Hcl.DirectCommerce.SearchCustomer.search_for_a_customer_using_Tracking_Number">
    <skipped/>
  </testcase> <!-- CS_020 -->
  <testcase name="K3_OA" time="0.0" classname="com.Hcl.DirectCommerce.OrderLifeCycle_DiffProducts.Place_an_order_for_K3_product">
    <skipped/>
  </testcase> <!-- K3_OA -->
  <testcase name="CS_008" time="0.001" classname="com.Hcl.DirectCommerce.SearchCustomer.search_for_a_customer_using_valid_Email_Address">
    <skipped/>
  </testcase> <!-- CS_008 -->
  <testcase name="K4_OA" time="0.001" classname="com.Hcl.DirectCommerce.OrderLifeCycle_DiffProducts.Place_an_order_for_K4_product">
    <skipped/>
  </testcase> <!-- K4_OA -->
  <testcase name="CS_013" time="0.0" classname="com.Hcl.DirectCommerce.SearchCustomer.search_for_a_customer_using_valid_Phone_Number">
    <skipped/>
  </testcase> <!-- CS_013 -->
  <testcase name="R1_OA" time="0.001" classname="com.Hcl.DirectCommerce.OrderLifeCycle_DiffProducts.Place_an_order_for_R1_product">
    <skipped/>
  </testcase> <!-- R1_OA -->
  <testcase name="CS_012" time="0.001" classname="com.Hcl.DirectCommerce.SearchCustomer.search_for_a_customer_using_valid_ZipAddress">
    <skipped/>
  </testcase> <!-- CS_012 -->
  <testcase name="T1_OA" time="0.0" classname="com.Hcl.DirectCommerce.OrderLifeCycle_DiffProducts.Place_an_order_for_T1_product">
    <skipped/>
  </testcase> <!-- T1_OA -->
  <testcase name="T2_OUTOFSTOCK_OA" time="0.0" classname="com.Hcl.DirectCommerce.OrderLifeCycle_DiffProducts.Place_an_order_for_T2_product_WITHOUT_STOCK">
    <skipped/>
  </testcase> <!-- T2_OUTOFSTOCK_OA -->
  <testcase name="T2_OA" time="0.001" classname="com.Hcl.DirectCommerce.OrderLifeCycle_DiffProducts.Place_an_order_for_T2_product">
    <skipped/>
  </testcase> <!-- T2_OA -->
  <testcase name="C1_OA" time="0.0" classname="com.Hcl.DirectCommerce.Orders_with_backorder_items.Place_a_phone_order_for_C1_out_of_stock_item_and_override_the_quantity_and_select_No_to_backorder">
    <skipped/>
  </testcase> <!-- C1_OA -->
  <testcase name="C1_OA" time="0.0" classname="com.Hcl.DirectCommerce.Orders_with_backorder_items.Place_a_phone_order_for_C1_out_of_stock_item_and_override_the_quantity_and_select_yes_to_backorder">
    <skipped/>
  </testcase> <!-- C1_OA -->
  <testcase name="K4_MC" time="0.0" classname="com.Hcl.DirectCommerce.Orders_with_backorder_items.Place_a_phone_order_for_C3_item_and_override_the_quantity_and_select_No_to_backorder">
    <skipped/>
  </testcase> <!-- K4_MC -->
  <testcase name="K4_MC" time="0.0" classname="com.Hcl.DirectCommerce.Orders_with_backorder_items.Place_a_phone_order_for_C3_item_and_override_the_quantity_and_select_yes_to_backorder">
    <skipped/>
  </testcase> <!-- K4_MC -->
  <testcase name="E1_OA" time="0.001" classname="com.Hcl.DirectCommerce.Orders_with_backorder_items.Place_a_phone_order_for_E1_out_of_stock_item_and_override_the_quantity_at_header_level_as_well_as_after_kit_explodes_and_select_No_to_backorder">
    <skipped/>
  </testcase> <!-- E1_OA -->
  <testcase name="E1_OA" time="0.0" classname="com.Hcl.DirectCommerce.Orders_with_backorder_items.Place_a_phone_order_for_E1_out_of_stock_item_and_override_the_quantity_at_header_level_as_well_as_after_kit_explodes_and_select_yes_to_backorder">
    <skipped/>
  </testcase> <!-- E1_OA -->
  <testcase name="E2_OA" time="0.001" classname="com.Hcl.DirectCommerce.Orders_with_backorder_items.Place_a_phone_order_for_E2_out_of_stock_item_and_override_the_quantity_at_header_level_as_well_as_after_kit_explodes_and_select_No_to_backorder">
    <skipped/>
  </testcase> <!-- E2_OA -->
  <testcase name="E2_OA" time="0.0" classname="com.Hcl.DirectCommerce.Orders_with_backorder_items.Place_a_phone_order_for_E2_out_of_stock_item_and_override_the_quantity_at_header_level_as_well_as_after_kit_explodes_and_select_yes_to_backorder">
    <skipped/>
  </testcase> <!-- E2_OA -->
  <testcase name="E5_OA" time="0.0" classname="com.Hcl.DirectCommerce.Orders_with_backorder_items.Place_a_phone_order_for_E5_out_of_stock_items_including_prompting_prod_and_override_the_quantity_at_header_level_as_well_as_after_kit_explodes_and_select_No_to_backorder">
    <skipped/>
  </testcase> <!-- E5_OA -->
  <testcase name="E5_OA" time="0.001" classname="com.Hcl.DirectCommerce.Orders_with_backorder_items.Place_a_phone_order_for_E5_out_of_stock_items_including_prompting_prod_and_override_the_quantity_at_header_level_as_well_as_after_kit_explodes_and_select_yes_to_backorder">
    <skipped/>
  </testcase> <!-- E5_OA -->
  <testcase name="E6_OA" time="0.0" classname="com.Hcl.DirectCommerce.Orders_with_backorder_items.Place_a_phone_order_for_E6_out_of_stock_items_including_prompting_prod_and_override_the_quantity_at_header_level_and_select_No_to_backorder">
    <skipped/>
  </testcase> <!-- E6_OA -->
  <testcase name="E6_OA" time="0.001" classname="com.Hcl.DirectCommerce.Orders_with_backorder_items.Place_a_phone_order_for_E6_out_of_stock_items_including_prompting_prod_and_override_the_quantity_at_header_level_and_select_yes_to_backorder">
    <skipped/>
  </testcase> <!-- E6_OA -->
  <testcase name="K1_OA_OUTOFSTOCK" time="0.001" classname="com.Hcl.DirectCommerce.Orders_with_backorder_items.Place_a_phone_order_for_K1_out_of_stock_item_and_override_the_quantity_and_select_No_to_backorder">
    <skipped/>
  </testcase> <!-- K1_OA_OUTOFSTOCK -->
  <testcase name="K1_OA_OUTOFSTOCK" time="0.0" classname="com.Hcl.DirectCommerce.Orders_with_backorder_items.Place_a_phone_order_for_K1_out_of_stock_item_and_override_the_quantity_and_select_yes_to_backorder">
    <skipped/>
  </testcase> <!-- K1_OA_OUTOFSTOCK -->
  <testcase name="K1_OA_OUTOFSTOCK" time="0.0" classname="com.Hcl.DirectCommerce.Orders_with_backorder_items.Place_a_phone_order_for_K2_out_of_stock_item_and_override_the_quantity_and_select_No_to_backorder">
    <skipped/>
  </testcase> <!-- K1_OA_OUTOFSTOCK -->
  <testcase name="K1_OA_OUTOFSTOCK" time="0.001" classname="com.Hcl.DirectCommerce.Orders_with_backorder_items.Place_a_phone_order_for_K2_out_of_stock_item_and_override_the_quantity_and_select_yes_to_backorder">
    <skipped/>
  </testcase> <!-- K1_OA_OUTOFSTOCK -->
  <testcase name="K1_OA_OUTOFSTOCK" time="0.0" classname="com.Hcl.DirectCommerce.Orders_with_backorder_items.Place_a_phone_order_for_K3_in_stock_item_and_override_the_quantity_and_select_No_to_backorder">
    <skipped/>
  </testcase> <!-- K1_OA_OUTOFSTOCK -->
  <testcase name="K1_OA_OUTOFSTOCK" time="0.001" classname="com.Hcl.DirectCommerce.Orders_with_backorder_items.Place_a_phone_order_for_K3_out_of_stock_item_and_override_the_quantity_and_select_yes_to_backorder">
    <skipped/>
  </testcase> <!-- K1_OA_OUTOFSTOCK -->
  <testcase name="K4_OA" time="0.0" classname="com.Hcl.DirectCommerce.Orders_with_backorder_items.Place_a_phone_order_for_K4_out_of_stock_prompting_product_OOS_item_and_override_the_quantity_and_select_No_to_backorder">
    <skipped/>
  </testcase> <!-- K4_OA -->
  <testcase name="K4_OA" time="0.0" classname="com.Hcl.DirectCommerce.Orders_with_backorder_items.Place_a_phone_order_for_K4_out_of_stock_prompting_product_OOS_item_and_override_the_quantity_and_select_yes_to_backorder">
    <skipped/>
  </testcase> <!-- K4_OA -->
  <testcase name="R1_OA" time="0.001" classname="com.Hcl.DirectCommerce.Orders_with_backorder_items.Place_a_phone_order_for_R1_out_of_stock_item_and_override_the_quantity_and_select_No_to_backorder">
    <skipped/>
  </testcase> <!-- R1_OA -->
  <testcase name="R1_OA" time="0.0" classname="com.Hcl.DirectCommerce.Orders_with_backorder_items.Place_a_phone_order_for_R1_out_of_stock_item_and_override_the_quantity_and_select_yes_to_backorder">
    <skipped/>
  </testcase> <!-- R1_OA -->
  <testcase name="T2_OUTOFSTOCK_OA" time="0.0" classname="com.Hcl.DirectCommerce.Orders_with_backorder_items.Place_a_phone_order_for_T2_Out_of_stock_item_and_override_the_quantity_and_select_No_to_backorder">
    <skipped/>
  </testcase> <!-- T2_OUTOFSTOCK_OA -->
  <testcase name="T2_OUTOFSTOCK_OA" time="0.001" classname="com.Hcl.DirectCommerce.Orders_with_backorder_items.Place_a_phone_order_for_T2_Out_of_stock_item_and_override_the_quantity_and_select_yes_to_backorder">
    <skipped/>
  </testcase> <!-- T2_OUTOFSTOCK_OA -->
  <testcase name="C1_OA" time="0.0" classname="com.Hcl.DirectCommerce.Orders_with_Quantity_and_PriceOverride.Place_a_phone_order_for_C1_item_and_override_the_quantity_and_price">
    <skipped/>
  </testcase> <!-- C1_OA -->
  <testcase name="C3_OA" time="0.0" classname="com.Hcl.DirectCommerce.Orders_with_Quantity_and_PriceOverride.Place_a_phone_order_for_C3_item_and_override_the_quantity_and_price">
    <skipped/>
  </testcase> <!-- C3_OA -->
  <testcase name="E1_OA" time="0.0" classname="com.Hcl.DirectCommerce.Orders_with_Quantity_and_PriceOverride.Place_a_phone_order_for_E1_item_and_override_the_quantity_at_header_and_component_level_price_override_for_components">
    <skipped/>
  </testcase> <!-- E1_OA -->
  <testcase name="E2_OA" time="0.0" classname="com.Hcl.DirectCommerce.Orders_with_Quantity_and_PriceOverride.Place_a_phone_order_for_E2_item_and_override_the_quantity_at_header_and_component_level_price_override_for_both_header_and_components_level">
    <skipped/>
  </testcase> <!-- E2_OA -->
  <testcase name="E5_OA" time="0.001" classname="com.Hcl.DirectCommerce.Orders_with_Quantity_and_PriceOverride.Place_a_phone_order_for_E5_item_and_override_the_quantity_at_header_and_component_level_price_override_for_components">
    <skipped/>
  </testcase> <!-- E5_OA -->
  <testcase name="E6_OA" time="0.0" classname="com.Hcl.DirectCommerce.Orders_with_Quantity_and_PriceOverride.Place_a_phone_order_for_E6_item_and_override_the_quantity_at_header_price_override_for_both_header_and_components">
    <skipped/>
  </testcase> <!-- E6_OA -->
  <testcase name="K1_OA" time="0.0" classname="com.Hcl.DirectCommerce.Orders_with_Quantity_and_PriceOverride.Place_a_phone_order_for_K1_in_stock_item_and_override_the_quantity_and_price">
    <skipped/>
  </testcase> <!-- K1_OA -->
  <testcase name="K2_OA" time="0.0" classname="com.Hcl.DirectCommerce.Orders_with_Quantity_and_PriceOverride.Place_a_phone_order_for_K2_in_stock_item_and_override_the_quantity_and_price">
    <skipped/>
  </testcase> <!-- K2_OA -->
  <testcase name="K3_OA" time="0.0" classname="com.Hcl.DirectCommerce.Orders_with_Quantity_and_PriceOverride.Place_a_phone_order_for_K3_in_stock_item_and_override_the_quantity_and_price">
    <skipped/>
  </testcase> <!-- K3_OA -->
  <testcase name="K4_OA" time="0.0" classname="com.Hcl.DirectCommerce.Orders_with_Quantity_and_PriceOverride.Place_a_phone_order_for_K4_in_stock_item_and_override_the_quantity_and_price">
    <skipped/>
  </testcase> <!-- K4_OA -->
  <testcase name="R1_OA" time="0.0" classname="com.Hcl.DirectCommerce.Orders_with_Quantity_and_PriceOverride.Place_a_phone_order_for_R1_in_stock_item_and_override_the_quantity_and_price">
    <skipped/>
  </testcase> <!-- R1_OA -->
  <testcase name="T1_OA" time="0.0" classname="com.Hcl.DirectCommerce.Orders_with_Quantity_and_PriceOverride.Place_a_phone_order_for_T1_item_and_override_the_quantity_and_price">
    <skipped/>
  </testcase> <!-- T1_OA -->
  <testcase name="T2_OA" time="0.0" classname="com.Hcl.DirectCommerce.Orders_with_Quantity_and_PriceOverride.Place_a_phone_order_for_T2_instock_item_and_override_the_quantity_and_price">
    <skipped/>
  </testcase> <!-- T2_OA -->
  <testcase name="VerifyChangePasswordbypassingblankvalues" time="0.0" classname="com.Hcl.DirectCommerce.LoginPage.Verify_Change_Password_by_passing_blank_values">
    <skipped/>
  </testcase> <!-- VerifyChangePasswordbypassingblankvalues -->
  <testcase name="login" time="0.0" classname="com.Hcl.DirectCommerce.LoginPage.Verify_Change_Password_by_passing_blank_values">
    <skipped/>
  </testcase> <!-- login -->
  <testcase name="Tc2" time="0.0" classname="com.Hcl.DirectCommerce.LoginPage.Verify_Change_Password_by_passing_incorrect_password">
    <skipped/>
  </testcase> <!-- Tc2 -->
  <testcase name="VerifyChangePasswordbypassingincorrectpassword" time="0.001" classname="com.Hcl.DirectCommerce.LoginPage.Verify_Change_Password_by_passing_incorrect_password">
    <skipped/>
  </testcase> <!-- VerifyChangePasswordbypassingincorrectpassword -->
  <testcase name="Tc2" time="0.001" classname="com.Hcl.DirectCommerce.LoginPage.Verify_Change_Password_by_providing_the_new_password">
    <skipped/>
  </testcase> <!-- Tc2 -->
  <testcase name="VerifyChange_Password_by_providing_the_new_password" time="0.0" classname="com.Hcl.DirectCommerce.LoginPage.Verify_Change_Password_by_providing_the_new_password">
    <skipped/>
  </testcase> <!-- VerifyChange_Password_by_providing_the_new_password -->
  <testcase name="Verifychange_password_navigations_negative_scenario" time="0.0" classname="com.Hcl.DirectCommerce.LoginPage.Verify_change_password_navigations_negative_scenario">
    <skipped/>
  </testcase> <!-- Verifychange_password_navigations_negative_scenario -->
  <testcase name="Tc2" time="0.0" classname="com.Hcl.DirectCommerce.LoginPage.Verify_Change_password_navigations_negative">
    <skipped/>
  </testcase> <!-- Tc2 -->
  <testcase name="VerifyChange_password_navigations_negative" time="0.0" classname="com.Hcl.DirectCommerce.LoginPage.Verify_Change_password_navigations_negative">
    <skipped/>
  </testcase> <!-- VerifyChange_password_navigations_negative -->
  <testcase name="VerifyChange_password_navigations" time="0.001" classname="com.Hcl.DirectCommerce.LoginPage.Verify_Change_password_navigations">
    <skipped/>
  </testcase> <!-- VerifyChange_password_navigations -->
  <testcase name="Tc2" time="0.0" classname="com.Hcl.DirectCommerce.LoginPage.Verify_Change_Password_new_password_is_not_matching">
    <skipped/>
  </testcase> <!-- Tc2 -->
  <testcase name="VerifyChange_Password_new_password_is_not_matching" time="0.0" classname="com.Hcl.DirectCommerce.LoginPage.Verify_Change_Password_new_password_is_not_matching">
    <skipped/>
  </testcase> <!-- VerifyChange_Password_new_password_is_not_matching -->
  <testcase name="Tc2" time="0.0" classname="com.Hcl.DirectCommerce.LoginPage.Verify_Change_password_trying_to_use_the_old_password">
    <skipped/>
  </testcase> <!-- Tc2 -->
  <testcase name="VerifyChange_password_trying_to_use_the_old_password" time="0.0" classname="com.Hcl.DirectCommerce.LoginPage.Verify_Change_password_trying_to_use_the_old_password">
    <skipped/>
  </testcase> <!-- VerifyChange_password_trying_to_use_the_old_password -->
  <testcase name="VerifyChangeReset_password_navigations" time="0.001" classname="com.Hcl.DirectCommerce.LoginPage.Verify_ChangeReset_password_navigations">
    <skipped/>
  </testcase> <!-- VerifyChangeReset_password_navigations -->
  <testcase name="Tc2" time="0.0" classname="com.Hcl.DirectCommerce.LoginPage.Verify_Reset_Password_by_passing_username_which_doestnot_exist">
    <skipped/>
  </testcase> <!-- Tc2 -->
  <testcase name="VerifyReset_Password_by_passing_username_which_doestnot_exist" time="0.0" classname="com.Hcl.DirectCommerce.LoginPage.Verify_Reset_Password_by_passing_username_which_doestnot_exist">
    <skipped/>
  </testcase> <!-- VerifyReset_Password_by_passing_username_which_doestnot_exist -->
  <testcase name="Tc2" time="0.0" classname="com.Hcl.DirectCommerce.LoginPage.Verify_Reset_Password_bypassing_BlankValues_A">
    <skipped/>
  </testcase> <!-- Tc2 -->
  <testcase name="Tc" time="0.0" classname="com.Hcl.DirectCommerce.LoginPage.Verify_Reset_Password_bypassing_BlankValues_B">
    <skipped/>
  </testcase> <!-- Tc -->
  <testcase name="VerifyReset_Password_bypassing_BlankValues_B" time="0.0" classname="com.Hcl.DirectCommerce.LoginPage.Verify_Reset_Password_bypassing_BlankValues_B">
    <skipped/>
  </testcase> <!-- VerifyReset_Password_bypassing_BlankValues_B -->
  <testcase name="Tc2" time="0.001" classname="com.Hcl.DirectCommerce.LoginPage.Verify_Reset_Password_in_which_confirm_new_password">
    <skipped/>
  </testcase> <!-- Tc2 -->
  <testcase name="VerifyResetPassword_in_which_confirm_new_password" time="0.0" classname="com.Hcl.DirectCommerce.LoginPage.Verify_Reset_Password_in_which_confirm_new_password">
    <skipped/>
  </testcase> <!-- VerifyResetPassword_in_which_confirm_new_password -->
  <testcase name="VerifyResetpassword_navigations_negative_scenario" time="0.0" classname="com.Hcl.DirectCommerce.LoginPage.Verify_Reset_password_navigations_negative_scenario">
    <skipped/>
  </testcase> <!-- VerifyResetpassword_navigations_negative_scenario -->
  <testcase name="Tc2" time="0.001" classname="com.Hcl.DirectCommerce.LoginPage.Verify_Reset_password_trying_to_use_the_old_password">
    <skipped/>
  </testcase> <!-- Tc2 -->
  <testcase name="VerifyResetpassword_trying_t_use_the_old_password" time="0.001" classname="com.Hcl.DirectCommerce.LoginPage.Verify_Reset_password_trying_to_use_the_old_password">
    <skipped/>
  </testcase> <!-- VerifyResetpassword_trying_t_use_the_old_password -->
  <testcase name="Tc" time="0.0" classname="com.Hcl.DirectCommerce.LoginPage.Verify_Reset_Password_which_confirm_newpassword_notMatching">
    <skipped/>
  </testcase> <!-- Tc -->
  <testcase name="VerifyResetPasswordwhichconfirmnewpasswordnotMatching" time="0.0" classname="com.Hcl.DirectCommerce.LoginPage.Verify_Reset_Password_which_confirm_newpassword_notMatching">
    <skipped/>
  </testcase> <!-- VerifyResetPasswordwhichconfirmnewpasswordnotMatching -->
  <testcase name="VerifytheLoginCorrectUserNameandpassword" time="0.0" classname="com.Hcl.DirectCommerce.LoginPage.Verify_the_Login_Correct_User_Name_and_password">
    <skipped/>
  </testcase> <!-- VerifytheLoginCorrectUserNameandpassword -->
  <testcase name="VerifytheLoginInCorrectUserNameAndpassword" time="0.0" classname="com.Hcl.DirectCommerce.LoginPage.Verify_the_Login_InCorrect_User_Name_and_password">
    <skipped/>
  </testcase> <!-- VerifytheLoginInCorrectUserNameAndpassword -->
  <testcase name="Tc16" time="0.0" classname="com.Hcl.DirectCommerce.LoginPage.VerifyResetPassword">
    <skipped/>
  </testcase> <!-- Tc16 -->
  <testcase name="Tc2" time="0.0" classname="com.Hcl.DirectCommerce.LoginPage.VerifyResetPassword">
    <skipped/>
  </testcase> <!-- Tc2 -->
  <testcase name="Tc1" time="0.001" classname="com.Hcl.DirectCommerce.LoginPage.VerifytheLoginPage">
    <skipped/>
  </testcase> <!-- Tc1 -->
  <testcase name="Tc2" time="0.0" classname="com.Hcl.DirectCommerce.LoginPage.VerifytheLoginpageWithBlankField">
    <skipped/>
  </testcase> <!-- Tc2 -->
  <testcase name="Tc4" time="0.0" classname="com.Hcl.DirectCommerce.LoginPage.VerifytheLoginpageWithBlankField">
    <skipped/>
  </testcase> <!-- Tc4 -->
  <testcase name="K4_MC" time="0.0" classname="com.Hcl.DirectCommerce.Orders_with_credit_card_as_paymethod.Place_a_phone_order_for_C1_item_with_VI_pay_method_online_authorize">
    <skipped/>
  </testcase> <!-- K4_MC -->
  <testcase name="K4_MC" time="0.001" classname="com.Hcl.DirectCommerce.Orders_with_credit_card_as_paymethod.Place_a_phone_order_for_C3_item_with_MC_pay_method_online_authorize">
    <skipped/>
  </testcase> <!-- K4_MC -->
  <testcase name="K4_MC" time="0.0" classname="com.Hcl.DirectCommerce.Orders_with_credit_card_as_paymethod.Place_a_phone_order_for_E1_item_with_VI_pay_method_online_authorize">
    <skipped/>
  </testcase> <!-- K4_MC -->
  <testcase name="K4_MC" time="0.0" classname="com.Hcl.DirectCommerce.Orders_with_credit_card_as_paymethod.Place_a_phone_order_for_E2_item_with_MC_pay_method_online_authorize">
    <skipped/>
  </testcase> <!-- K4_MC -->
  <testcase name="E6_DI" time="0.0" classname="com.Hcl.DirectCommerce.Orders_with_credit_card_as_paymethod.Place_a_phone_order_for_E6_item_with_DI_pay_method_online_authorize">
    <skipped/>
  </testcase> <!-- E6_DI -->
  <testcase name="K1_DI" time="0.001" classname="com.Hcl.DirectCommerce.Orders_with_credit_card_as_paymethod.place_a_phone_order_for_K1_item_with_DI_pay_method_online_authorize">
    <skipped/>
  </testcase> <!-- K1_DI -->
  <testcase name="K1_DI" time="0.0" classname="com.Hcl.DirectCommerce.Orders_with_credit_card_as_paymethod.Place_a_phone_order_for_K2_item_with_VI_pay_method_online_authorize">
    <skipped/>
  </testcase> <!-- K1_DI -->
  <testcase name="K3_MC" time="0.0" classname="com.Hcl.DirectCommerce.Orders_with_credit_card_as_paymethod.Place_a_phone_order_for_K3_item_with_MC_pay_method_online_authorize">
    <skipped/>
  </testcase> <!-- K3_MC -->
  <testcase name="R1_VI" time="0.0" classname="com.Hcl.DirectCommerce.Orders_with_credit_card_as_paymethod.Place_a_phone_order_for_R1_item_with_VI_pay_method_online_authorize">
    <skipped/>
  </testcase> <!-- R1_VI -->
  <testcase name="R1_VI" time="0.0" classname="com.Hcl.DirectCommerce.Orders_with_credit_card_as_paymethod.Place_a_phone_order_for_T1_item_with_MC_pay_method_online_authorize">
    <skipped/>
  </testcase> <!-- R1_VI -->
  <testcase name="VerifyChange_Password_in_which_confirm_new_password" time="0.0" classname="com.Hcl.DirectCommerce.LoginPage.Verify_Change_Password_in_which_confirm_new_password">
    <skipped/>
  </testcase> <!-- VerifyChange_Password_in_which_confirm_new_password -->
  <testcase name="Tc2" time="0.0" classname="com.Hcl.DirectCommerce.LoginPage.Verify_Change_Password_in_which_confirm_new_password">
    <skipped/>
  </testcase> <!-- Tc2 -->
  <testcase name="Tc2" time="0.0" classname="com.Hcl.DirectCommerce.LoginPage.Verify_ChangeReset_password_navigations">
    <skipped/>
  </testcase> <!-- Tc2 -->
  <testcase name="VerifyReset_Password_bypassing_BlankValues_A" time="0.001" classname="com.Hcl.DirectCommerce.LoginPage.Verify_Reset_Password_bypassing_BlankValues_A">
    <skipped/>
  </testcase> <!-- VerifyReset_Password_bypassing_BlankValues_A -->
</testsuite> <!-- all-tests -->
