<?xml version="1.0" encoding="UTF-8"?>
<testng-results skipped="0" failed="1" ignored="0" total="2" passed="1">
  <reporter-output>
    <line>
      <![CDATA[captureScreen method called]]>
    </line>
    <line>
      <![CDATA[<a href='C:\Users\1025604\eclipse-workspace\DirectCommerce\ScreenShot\R1_OA_29_04_2022_05_17_18.png'><img src='C:\Users\1025604\eclipse-workspace\DirectCommerce\ScreenShot\R1_OA_29_04_2022_05_17_18.png'height='100' width='100'/></a>]]>
    </line>
  </reporter-output>
  <suite name="Default suite" duration-ms="160050" started-at="2022-04-29T11:44:38Z" finished-at="2022-04-29T11:47:18Z">
    <groups>
    </groups>
    <test name="Default test" duration-ms="160050" started-at="2022-04-29T11:44:38Z" finished-at="2022-04-29T11:47:18Z">
      <class name="com.Hcl.DirectCommerce.Modifyorder.Verify_Modify_order_by_changing_the_PM_from_OA_to_PX">
        <test-method status="PASS" signature="beforeSuite()[pri:0, instance:com.Hcl.DirectCommerce.Modifyorder.Verify_Modify_order_by_changing_the_PM_from_OA_to_PX@18bde2]" name="beforeSuite" is-config="true" duration-ms="147" started-at="2022-04-29T17:14:38Z" finished-at="2022-04-29T17:14:38Z">
          <reporter-output>
          </reporter-output>
        </test-method> <!-- beforeSuite -->
        <test-method status="PASS" signature="beforeMethod(java.lang.reflect.Method)[pri:0, instance:com.Hcl.DirectCommerce.Modifyorder.Verify_Modify_order_by_changing_the_PM_from_OA_to_PX@18bde2]" name="beforeMethod" is-config="true" duration-ms="6231" started-at="2022-04-29T17:14:38Z" finished-at="2022-04-29T17:14:44Z">
          <params>
            <param index="0">
              <value>
                <![CDATA[public void com.Hcl.DirectCommerce.Modifyorder.Verify_Modify_order_by_changing_the_PM_from_OA_to_PX.returnOrder() throws java.lang.Exception]]>
              </value>
            </param>
          </params>
          <reporter-output>
          </reporter-output>
        </test-method> <!-- beforeMethod -->
        <test-method status="PASS" signature="returnOrder()[pri:0, instance:com.Hcl.DirectCommerce.Modifyorder.Verify_Modify_order_by_changing_the_PM_from_OA_to_PX@18bde2]" name="returnOrder" duration-ms="21712" started-at="2022-04-29T17:14:44Z" finished-at="2022-04-29T17:15:06Z">
          <reporter-output>
          </reporter-output>
        </test-method> <!-- returnOrder -->
        <test-method status="PASS" signature="afterMethod(org.testng.ITestResult)[pri:0, instance:com.Hcl.DirectCommerce.Modifyorder.Verify_Modify_order_by_changing_the_PM_from_OA_to_PX@18bde2]" name="afterMethod" is-config="true" duration-ms="274" started-at="2022-04-29T17:15:06Z" finished-at="2022-04-29T17:15:06Z">
          <params>
            <param index="0">
              <value>
                <![CDATA[[TestResult name=returnOrder status=SUCCESS method=Verify_Modify_order_by_changing_the_PM_from_OA_to_PX.returnOrder()[pri:0, instance:com.Hcl.DirectCommerce.Modifyorder.Verify_Modify_order_by_changing_the_PM_from_OA_to_PX@18bde2] output={null}]]]>
              </value>
            </param>
          </params>
          <reporter-output>
          </reporter-output>
        </test-method> <!-- afterMethod -->
        <test-method status="PASS" signature="beforeMethod(java.lang.reflect.Method)[pri:0, instance:com.Hcl.DirectCommerce.Modifyorder.Verify_Modify_order_by_changing_the_PM_from_OA_to_PX@18bde2]" name="beforeMethod" is-config="true" duration-ms="5202" started-at="2022-04-29T17:15:06Z" finished-at="2022-04-29T17:15:11Z">
          <params>
            <param index="0">
              <value>
                <![CDATA[public void com.Hcl.DirectCommerce.Modifyorder.Verify_Modify_order_by_changing_the_PM_from_OA_to_PX.R1_OA() throws java.lang.Throwable]]>
              </value>
            </param>
          </params>
          <reporter-output>
          </reporter-output>
        </test-method> <!-- beforeMethod -->
        <test-method status="FAIL" signature="R1_OA()[pri:1, instance:com.Hcl.DirectCommerce.Modifyorder.Verify_Modify_order_by_changing_the_PM_from_OA_to_PX@18bde2]" name="R1_OA" duration-ms="126164" started-at="2022-04-29T17:15:11Z" finished-at="2022-04-29T17:17:18Z">
          <exception class="org.openqa.selenium.WebDriverException">
            <message>
              <![CDATA[unknown error: Element <li class="jss97 jss98 jss635 jss638 jss643 jss641 jss644 jss632 jss633" tabindex="-1" role="menuitem">...</li> is not clickable at point (923, 392). Other element would receive the click: <ul class="jss628 jss629" role="menu">...</ul>
  (Session info: chrome=100.0.4896.127)
  (Driver info: chromedriver=2.38.552522 (437e6fbedfa8762dec75e2c5b3ddb86763dc9dcb),platform=Windows NT 10.0.19043 x86_64) (WARNING: The server did not provide any stacktrace information)
Command duration or timeout: 0 milliseconds
Build info: version: '3.141.59', revision: 'e82be7d358', time: '2018-11-14T08:17:03'
System info: host: 'IN2-1025604LT', ip: '172.16.103.5', os.name: 'Windows 10', os.arch: 'x86', os.version: '10.0', java.version: '1.8.0_211'
Driver info: org.openqa.selenium.chrome.ChromeDriver
Capabilities {acceptInsecureCerts: false, acceptSslCerts: false, applicationCacheEnabled: false, browserConnectionEnabled: false, browserName: chrome, chrome: {chromedriverVersion: 2.38.552522 (437e6fbedfa876..., userDataDir: C:\Users\1025604\AppData\Lo...}, cssSelectorsEnabled: true, databaseEnabled: false, handlesAlerts: true, hasTouchScreen: false, javascriptEnabled: true, locationContextEnabled: true, mobileEmulationEnabled: false, nativeEvents: true, networkConnectionEnabled: false, pageLoadStrategy: normal, platform: XP, platformName: XP, rotatable: false, setWindowRect: true, takesHeapSnapshot: true, takesScreenshot: true, unexpectedAlertBehaviour: , unhandledPromptBehavior: , version: 100.0.4896.127, webStorageEnabled: true}
Session ID: acb5b6c2b9aad410290a4d5160cffea3]]>
            </message>
            <full-stacktrace>
              <![CDATA[org.openqa.selenium.WebDriverException: unknown error: Element <li class="jss97 jss98 jss635 jss638 jss643 jss641 jss644 jss632 jss633" tabindex="-1" role="menuitem">...</li> is not clickable at point (923, 392). Other element would receive the click: <ul class="jss628 jss629" role="menu">...</ul>
  (Session info: chrome=100.0.4896.127)
  (Driver info: chromedriver=2.38.552522 (437e6fbedfa8762dec75e2c5b3ddb86763dc9dcb),platform=Windows NT 10.0.19043 x86_64) (WARNING: The server did not provide any stacktrace information)
Command duration or timeout: 0 milliseconds
Build info: version: '3.141.59', revision: 'e82be7d358', time: '2018-11-14T08:17:03'
System info: host: 'IN2-1025604LT', ip: '172.16.103.5', os.name: 'Windows 10', os.arch: 'x86', os.version: '10.0', java.version: '1.8.0_211'
Driver info: org.openqa.selenium.chrome.ChromeDriver
Capabilities {acceptInsecureCerts: false, acceptSslCerts: false, applicationCacheEnabled: false, browserConnectionEnabled: false, browserName: chrome, chrome: {chromedriverVersion: 2.38.552522 (437e6fbedfa876..., userDataDir: C:\Users\1025604\AppData\Lo...}, cssSelectorsEnabled: true, databaseEnabled: false, handlesAlerts: true, hasTouchScreen: false, javascriptEnabled: true, locationContextEnabled: true, mobileEmulationEnabled: false, nativeEvents: true, networkConnectionEnabled: false, pageLoadStrategy: normal, platform: XP, platformName: XP, rotatable: false, setWindowRect: true, takesHeapSnapshot: true, takesScreenshot: true, unexpectedAlertBehaviour: , unhandledPromptBehavior: , version: 100.0.4896.127, webStorageEnabled: true}
Session ID: acb5b6c2b9aad410290a4d5160cffea3
	at sun.reflect.NativeConstructorAccessorImpl.newInstance0(Native Method)
	at sun.reflect.NativeConstructorAccessorImpl.newInstance(NativeConstructorAccessorImpl.java:62)
	at sun.reflect.DelegatingConstructorAccessorImpl.newInstance(DelegatingConstructorAccessorImpl.java:45)
	at java.lang.reflect.Constructor.newInstance(Constructor.java:423)
	at org.openqa.selenium.remote.ErrorHandler.createThrowable(ErrorHandler.java:214)
	at org.openqa.selenium.remote.ErrorHandler.throwIfResponseFailed(ErrorHandler.java:166)
	at org.openqa.selenium.remote.http.JsonHttpResponseCodec.reconstructValue(JsonHttpResponseCodec.java:40)
	at org.openqa.selenium.remote.http.AbstractHttpResponseCodec.decode(AbstractHttpResponseCodec.java:80)
	at org.openqa.selenium.remote.http.AbstractHttpResponseCodec.decode(AbstractHttpResponseCodec.java:44)
	at org.openqa.selenium.remote.HttpCommandExecutor.execute(HttpCommandExecutor.java:158)
	at org.openqa.selenium.remote.service.DriverCommandExecutor.execute(DriverCommandExecutor.java:83)
	at org.openqa.selenium.remote.RemoteWebDriver.execute(RemoteWebDriver.java:552)
	at org.openqa.selenium.remote.RemoteWebElement.execute(RemoteWebElement.java:285)
	at org.openqa.selenium.remote.RemoteWebElement.click(RemoteWebElement.java:84)
	at sun.reflect.NativeMethodAccessorImpl.invoke0(Native Method)
	at sun.reflect.NativeMethodAccessorImpl.invoke(NativeMethodAccessorImpl.java:62)
	at sun.reflect.DelegatingMethodAccessorImpl.invoke(DelegatingMethodAccessorImpl.java:43)
	at java.lang.reflect.Method.invoke(Method.java:498)
	at org.openqa.selenium.support.pagefactory.internal.LocatingElementHandler.invoke(LocatingElementHandler.java:51)
	at com.sun.proxy.$Proxy13.click(Unknown Source)
	at com.Hcl.DirectCommerce.uiActions.CS_OrderDetails.modifyoptionClick(CS_OrderDetails.java:63)
	at com.Hcl.DirectCommerce.Modifyorder.Verify_Modify_order_by_changing_the_PM_from_OA_to_PX.R1_OA(Verify_Modify_order_by_changing_the_PM_from_OA_to_PX.java:62)
	at sun.reflect.NativeMethodAccessorImpl.invoke0(Native Method)
	at sun.reflect.NativeMethodAccessorImpl.invoke(NativeMethodAccessorImpl.java:62)
	at sun.reflect.DelegatingMethodAccessorImpl.invoke(DelegatingMethodAccessorImpl.java:43)
	at java.lang.reflect.Method.invoke(Method.java:498)
	at org.testng.internal.MethodInvocationHelper.invokeMethod(MethodInvocationHelper.java:104)
	at org.testng.internal.Invoker.invokeMethod(Invoker.java:645)
	at org.testng.internal.Invoker.invokeTestMethod(Invoker.java:851)
	at org.testng.internal.Invoker.invokeTestMethods(Invoker.java:1177)
	at org.testng.internal.TestMethodWorker.invokeTestMethods(TestMethodWorker.java:129)
	at org.testng.internal.TestMethodWorker.run(TestMethodWorker.java:112)
	at org.testng.TestRunner.privateRun(TestRunner.java:756)
	at org.testng.TestRunner.run(TestRunner.java:610)
	at org.testng.SuiteRunner.runTest(SuiteRunner.java:387)
	at org.testng.SuiteRunner.runSequentially(SuiteRunner.java:382)
	at org.testng.SuiteRunner.privateRun(SuiteRunner.java:340)
	at org.testng.SuiteRunner.run(SuiteRunner.java:289)
	at org.testng.SuiteRunnerWorker.runSuite(SuiteRunnerWorker.java:52)
	at org.testng.SuiteRunnerWorker.run(SuiteRunnerWorker.java:86)
	at org.testng.TestNG.runSuitesSequentially(TestNG.java:1293)
	at org.testng.TestNG.runSuitesLocally(TestNG.java:1218)
	at org.testng.TestNG.runSuites(TestNG.java:1133)
	at org.testng.TestNG.run(TestNG.java:1104)
	at org.testng.remote.AbstractRemoteTestNG.run(AbstractRemoteTestNG.java:132)
	at org.testng.remote.RemoteTestNG.initAndRun(RemoteTestNG.java:236)
	at org.testng.remote.RemoteTestNG.main(RemoteTestNG.java:81)
]]>
            </full-stacktrace>
          </exception> <!-- org.openqa.selenium.WebDriverException -->
          <reporter-output>
          </reporter-output>
        </test-method> <!-- R1_OA -->
        <test-method status="PASS" signature="afterMethod(org.testng.ITestResult)[pri:0, instance:com.Hcl.DirectCommerce.Modifyorder.Verify_Modify_order_by_changing_the_PM_from_OA_to_PX@18bde2]" name="afterMethod" is-config="true" duration-ms="427" started-at="2022-04-29T17:17:18Z" finished-at="2022-04-29T17:17:18Z">
          <params>
            <param index="0">
              <value>
                <![CDATA[[TestResult name=R1_OA status=FAILURE method=Verify_Modify_order_by_changing_the_PM_from_OA_to_PX.R1_OA()[pri:1, instance:com.Hcl.DirectCommerce.Modifyorder.Verify_Modify_order_by_changing_the_PM_from_OA_to_PX@18bde2] output={null}]]]>
              </value>
            </param>
          </params>
          <reporter-output>
            <line>
              <![CDATA[captureScreen method called]]>
            </line>
            <line>
              <![CDATA[<a href='C:\Users\1025604\eclipse-workspace\DirectCommerce\ScreenShot\R1_OA_29_04_2022_05_17_18.png'><img src='C:\Users\1025604\eclipse-workspace\DirectCommerce\ScreenShot\R1_OA_29_04_2022_05_17_18.png'height='100' width='100'/></a>]]>
            </line>
          </reporter-output>
        </test-method> <!-- afterMethod -->
      </class> <!-- com.Hcl.DirectCommerce.Modifyorder.Verify_Modify_order_by_changing_the_PM_from_OA_to_PX -->
    </test> <!-- Default test -->
  </suite> <!-- Default suite -->
</testng-results>
